{"D:\\Repositories\\starci-academy-backend\\src\\modules\\ai\\control-plane\\ai-execution-control.module.ts": {"path":"D:\\Repositories\\starci-academy-backend\\src\\modules\\ai\\control-plane\\ai-execution-control.module.ts","statementMap":{"0":{"start":{"line":1,"column":0},"end":{"line":1,"column":null}},"1":{"start":{"line":4,"column":0},"end":{"line":4,"column":null}},"2":{"start":{"line":13,"column":7},"end":{"line":14,"column":null}},"3":{"start":{"line":13,"column":13},"end":{"line":13,"column":37}},"4":{"start":{"line":13,"column":13},"end":{"line":14,"column":null}}},"fnMap":{},"branchMap":{},"s":{"0":0,"1":0,"2":0,"3":0,"4":0},"f":{},"b":{}}
,"D:\\Repositories\\starci-academy-backend\\src\\modules\\ai\\control-plane\\ai-execution-control.service.ts": {"path":"D:\\Repositories\\starci-academy-backend\\src\\modules\\ai\\control-plane\\ai-execution-control.service.ts","statementMap":{"0":{"start":{"line":1,"column":0},"end":{"line":1,"column":null}},"1":{"start":{"line":6,"column":0},"end":{"line":6,"column":null}},"2":{"start":{"line":12,"column":0},"end":{"line":12,"column":null}},"3":{"start":{"line":15,"column":0},"end":{"line":15,"column":null}},"4":{"start":{"line":18,"column":0},"end":{"line":18,"column":null}},"5":{"start":{"line":41,"column":0},"end":{"line":41,"column":null}},"6":{"start":{"line":47,"column":0},"end":{"line":47,"column":null}},"7":{"start":{"line":105,"column":28},"end":{"line":105,"column":31}},"8":{"start":{"line":106,"column":30},"end":{"line":106,"column":35}},"9":{"start":{"line":107,"column":30},"end":{"line":107,"column":37}},"10":{"start":{"line":108,"column":33},"end":{"line":108,"column":43}},"11":{"start":{"line":109,"column":27},"end":{"line":109,"column":28}},"12":{"start":{"line":110,"column":24},"end":{"line":112,"column":8}},"13":{"start":{"line":116,"column":7},"end":{"line":1027,"column":null}},"14":{"start":{"line":119,"column":25},"end":{"line":119,"column":53}},"15":{"start":{"line":125,"column":32},"end":{"line":125,"column":63}},"16":{"start":{"line":126,"column":8},"end":{"line":128,"column":9}},"17":{"start":{"line":127,"column":12},"end":{"line":127,"column":null}},"18":{"start":{"line":129,"column":28},"end":{"line":138,"column":null}},"19":{"start":{"line":140,"column":8},"end":{"line":233,"column":null}},"20":{"start":{"line":141,"column":28},"end":{"line":141,"column":66}},"21":{"start":{"line":142,"column":12},"end":{"line":145,"column":13}},"22":{"start":{"line":143,"column":16},"end":{"line":144,"column":null}},"23":{"start":{"line":146,"column":29},"end":{"line":156,"column":18}},"24":{"start":{"line":157,"column":12},"end":{"line":167,"column":13}},"25":{"start":{"line":158,"column":16},"end":{"line":161,"column":17}},"26":{"start":{"line":159,"column":20},"end":{"line":160,"column":null}},"27":{"start":{"line":162,"column":16},"end":{"line":166,"column":null}},"28":{"start":{"line":168,"column":12},"end":{"line":171,"column":13}},"29":{"start":{"line":169,"column":16},"end":{"line":170,"column":null}},"30":{"start":{"line":172,"column":12},"end":{"line":175,"column":13}},"31":{"start":{"line":173,"column":16},"end":{"line":174,"column":null}},"32":{"start":{"line":176,"column":24},"end":{"line":176,"column":55}},"33":{"start":{"line":177,"column":12},"end":{"line":180,"column":13}},"34":{"start":{"line":178,"column":16},"end":{"line":179,"column":null}},"35":{"start":{"line":181,"column":12},"end":{"line":184,"column":13}},"36":{"start":{"line":182,"column":16},"end":{"line":183,"column":null}},"37":{"start":{"line":185,"column":29},"end":{"line":202,"column":null}},"38":{"start":{"line":204,"column":30},"end":{"line":217,"column":22}},"39":{"start":{"line":218,"column":12},"end":{"line":221,"column":13}},"40":{"start":{"line":219,"column":16},"end":{"line":220,"column":null}},"41":{"start":{"line":222,"column":12},"end":{"line":225,"column":13}},"42":{"start":{"line":223,"column":16},"end":{"line":224,"column":null}},"43":{"start":{"line":226,"column":12},"end":{"line":230,"column":null}},"44":{"start":{"line":232,"column":14},"end":{"line":233,"column":72}},"45":{"start":{"line":238,"column":8},"end":{"line":246,"column":9}},"46":{"start":{"line":244,"column":12},"end":{"line":245,"column":null}},"47":{"start":{"line":247,"column":8},"end":{"line":335,"column":null}},"48":{"start":{"line":248,"column":28},"end":{"line":248,"column":66}},"49":{"start":{"line":249,"column":30},"end":{"line":250,"column":34}},"50":{"start":{"line":251,"column":12},"end":{"line":254,"column":13}},"51":{"start":{"line":252,"column":16},"end":{"line":253,"column":null}},"52":{"start":{"line":255,"column":24},"end":{"line":255,"column":55}},"53":{"start":{"line":256,"column":12},"end":{"line":281,"column":13}},"54":{"start":{"line":258,"column":40},"end":{"line":266,"column":18}},"55":{"start":{"line":267,"column":16},"end":{"line":280,"column":17}},"56":{"start":{"line":270,"column":42},"end":{"line":271,"column":28}},"57":{"start":{"line":272,"column":20},"end":{"line":274,"column":21}},"58":{"start":{"line":273,"column":24},"end":{"line":273,"column":null}},"59":{"start":{"line":275,"column":20},"end":{"line":279,"column":null}},"60":{"start":{"line":282,"column":12},"end":{"line":285,"column":13}},"61":{"start":{"line":283,"column":16},"end":{"line":284,"column":null}},"62":{"start":{"line":286,"column":12},"end":{"line":289,"column":13}},"63":{"start":{"line":287,"column":16},"end":{"line":288,"column":null}},"64":{"start":{"line":290,"column":12},"end":{"line":294,"column":13}},"65":{"start":{"line":292,"column":16},"end":{"line":293,"column":null}},"66":{"start":{"line":295,"column":12},"end":{"line":298,"column":13}},"67":{"start":{"line":296,"column":16},"end":{"line":297,"column":null}},"68":{"start":{"line":299,"column":31},"end":{"line":299,"column":68}},"69":{"start":{"line":300,"column":35},"end":{"line":300,"column":63}},"70":{"start":{"line":301,"column":30},"end":{"line":309,"column":14}},"71":{"start":{"line":310,"column":32},"end":{"line":310,"column":76}},"72":{"start":{"line":311,"column":35},"end":{"line":314,"column":14}},"73":{"start":{"line":315,"column":12},"end":{"line":315,"column":null}},"74":{"start":{"line":316,"column":12},"end":{"line":316,"column":null}},"75":{"start":{"line":317,"column":12},"end":{"line":317,"column":null}},"76":{"start":{"line":318,"column":12},"end":{"line":318,"column":null}},"77":{"start":{"line":319,"column":12},"end":{"line":319,"column":null}},"78":{"start":{"line":320,"column":12},"end":{"line":320,"column":null}},"79":{"start":{"line":321,"column":12},"end":{"line":321,"column":null}},"80":{"start":{"line":322,"column":12},"end":{"line":322,"column":null}},"81":{"start":{"line":323,"column":12},"end":{"line":323,"column":null}},"82":{"start":{"line":324,"column":12},"end":{"line":324,"column":null}},"83":{"start":{"line":325,"column":12},"end":{"line":325,"column":null}},"84":{"start":{"line":326,"column":12},"end":{"line":326,"column":null}},"85":{"start":{"line":327,"column":12},"end":{"line":332,"column":null}},"86":{"start":{"line":334,"column":14},"end":{"line":335,"column":71}},"87":{"start":{"line":340,"column":8},"end":{"line":349,"column":9}},"88":{"start":{"line":347,"column":12},"end":{"line":348,"column":null}},"89":{"start":{"line":350,"column":26},"end":{"line":350,"column":60}},"90":{"start":{"line":351,"column":8},"end":{"line":415,"column":null}},"91":{"start":{"line":352,"column":28},"end":{"line":352,"column":66}},"92":{"start":{"line":353,"column":30},"end":{"line":354,"column":34}},"93":{"start":{"line":355,"column":12},"end":{"line":358,"column":13}},"94":{"start":{"line":356,"column":16},"end":{"line":357,"column":null}},"95":{"start":{"line":359,"column":24},"end":{"line":359,"column":55}},"96":{"start":{"line":360,"column":30},"end":{"line":368,"column":14}},"97":{"start":{"line":369,"column":12},"end":{"line":382,"column":13}},"98":{"start":{"line":372,"column":38},"end":{"line":373,"column":24}},"99":{"start":{"line":374,"column":16},"end":{"line":376,"column":17}},"100":{"start":{"line":375,"column":20},"end":{"line":375,"column":null}},"101":{"start":{"line":377,"column":16},"end":{"line":381,"column":null}},"102":{"start":{"line":383,"column":37},"end":{"line":389,"column":null}},"103":{"start":{"line":391,"column":12},"end":{"line":393,"column":13}},"104":{"start":{"line":392,"column":16},"end":{"line":392,"column":null}},"105":{"start":{"line":394,"column":32},"end":{"line":394,"column":63}},"106":{"start":{"line":395,"column":32},"end":{"line":395,"column":76}},"107":{"start":{"line":396,"column":35},"end":{"line":399,"column":14}},"108":{"start":{"line":400,"column":12},"end":{"line":400,"column":null}},"109":{"start":{"line":401,"column":12},"end":{"line":401,"column":null}},"110":{"start":{"line":402,"column":12},"end":{"line":402,"column":null}},"111":{"start":{"line":403,"column":12},"end":{"line":403,"column":null}},"112":{"start":{"line":404,"column":12},"end":{"line":404,"column":null}},"113":{"start":{"line":405,"column":12},"end":{"line":405,"column":null}},"114":{"start":{"line":406,"column":12},"end":{"line":406,"column":null}},"115":{"start":{"line":407,"column":12},"end":{"line":407,"column":null}},"116":{"start":{"line":408,"column":12},"end":{"line":412,"column":null}},"117":{"start":{"line":414,"column":14},"end":{"line":415,"column":75}},"118":{"start":{"line":420,"column":8},"end":{"line":429,"column":9}},"119":{"start":{"line":427,"column":12},"end":{"line":428,"column":null}},"120":{"start":{"line":430,"column":8},"end":{"line":445,"column":null}},"121":{"start":{"line":450,"column":8},"end":{"line":460,"column":9}},"122":{"start":{"line":458,"column":12},"end":{"line":459,"column":null}},"123":{"start":{"line":461,"column":8},"end":{"line":476,"column":null}},"124":{"start":{"line":481,"column":8},"end":{"line":488,"column":9}},"125":{"start":{"line":486,"column":12},"end":{"line":487,"column":null}},"126":{"start":{"line":489,"column":8},"end":{"line":541,"column":null}},"127":{"start":{"line":490,"column":28},"end":{"line":490,"column":66}},"128":{"start":{"line":491,"column":30},"end":{"line":492,"column":34}},"129":{"start":{"line":493,"column":12},"end":{"line":496,"column":13}},"130":{"start":{"line":494,"column":16},"end":{"line":495,"column":null}},"131":{"start":{"line":497,"column":12},"end":{"line":500,"column":13}},"132":{"start":{"line":498,"column":16},"end":{"line":499,"column":null}},"133":{"start":{"line":501,"column":45},"end":{"line":514,"column":null}},"134":{"start":{"line":515,"column":27},"end":{"line":516,"column":24}},"135":{"start":{"line":517,"column":12},"end":{"line":519,"column":13}},"136":{"start":{"line":518,"column":16},"end":{"line":518,"column":null}},"137":{"start":{"line":520,"column":12},"end":{"line":524,"column":13}},"138":{"start":{"line":522,"column":16},"end":{"line":523,"column":null}},"139":{"start":{"line":525,"column":12},"end":{"line":528,"column":13}},"140":{"start":{"line":526,"column":16},"end":{"line":527,"column":null}},"141":{"start":{"line":529,"column":24},"end":{"line":529,"column":55}},"142":{"start":{"line":530,"column":12},"end":{"line":533,"column":null}},"143":{"start":{"line":534,"column":12},"end":{"line":538,"column":null}},"144":{"start":{"line":540,"column":14},"end":{"line":541,"column":72}},"145":{"start":{"line":546,"column":26},"end":{"line":551,"column":14}},"146":{"start":{"line":552,"column":8},"end":{"line":555,"column":9}},"147":{"start":{"line":553,"column":12},"end":{"line":554,"column":null}},"148":{"start":{"line":556,"column":8},"end":{"line":559,"column":9}},"149":{"start":{"line":557,"column":12},"end":{"line":558,"column":null}},"150":{"start":{"line":560,"column":8},"end":{"line":564,"column":null}},"151":{"start":{"line":572,"column":26},"end":{"line":574,"column":68}},"152":{"start":{"line":575,"column":8},"end":{"line":633,"column":null}},"153":{"start":{"line":576,"column":28},"end":{"line":576,"column":66}},"154":{"start":{"line":577,"column":12},"end":{"line":584,"column":13}},"155":{"start":{"line":578,"column":16},"end":{"line":583,"column":null}},"156":{"start":{"line":585,"column":24},"end":{"line":592,"column":null}},"157":{"start":{"line":594,"column":58},"end":{"line":594,"column":60}},"158":{"start":{"line":595,"column":12},"end":{"line":623,"column":13}},"159":{"start":{"line":596,"column":34},"end":{"line":599,"column":22}},"160":{"start":{"line":600,"column":28},"end":{"line":600,"column":59}},"161":{"start":{"line":601,"column":34},"end":{"line":605,"column":40}},"162":{"start":{"line":606,"column":16},"end":{"line":621,"column":null}},"163":{"start":{"line":622,"column":16},"end":{"line":622,"column":null}},"164":{"start":{"line":624,"column":12},"end":{"line":626,"column":null}},"165":{"start":{"line":628,"column":15},"end":{"line":633,"column":10}},"166":{"start":{"line":642,"column":26},"end":{"line":642,"column":54}},"167":{"start":{"line":643,"column":8},"end":{"line":679,"column":null}},"168":{"start":{"line":644,"column":28},"end":{"line":644,"column":66}},"169":{"start":{"line":645,"column":30},"end":{"line":646,"column":28}},"170":{"start":{"line":647,"column":12},"end":{"line":650,"column":13}},"171":{"start":{"line":648,"column":16},"end":{"line":649,"column":null}},"172":{"start":{"line":651,"column":27},"end":{"line":652,"column":24}},"173":{"start":{"line":653,"column":12},"end":{"line":655,"column":13}},"174":{"start":{"line":654,"column":16},"end":{"line":654,"column":null}},"175":{"start":{"line":656,"column":37},"end":{"line":662,"column":null}},"176":{"start":{"line":664,"column":12},"end":{"line":666,"column":13}},"177":{"start":{"line":665,"column":16},"end":{"line":665,"column":null}},"178":{"start":{"line":667,"column":24},"end":{"line":667,"column":55}},"179":{"start":{"line":668,"column":12},"end":{"line":671,"column":null}},"180":{"start":{"line":672,"column":12},"end":{"line":676,"column":null}},"181":{"start":{"line":678,"column":14},"end":{"line":679,"column":74}},"182":{"start":{"line":690,"column":8},"end":{"line":693,"column":9}},"183":{"start":{"line":691,"column":12},"end":{"line":692,"column":null}},"184":{"start":{"line":694,"column":8},"end":{"line":697,"column":9}},"185":{"start":{"line":695,"column":12},"end":{"line":696,"column":null}},"186":{"start":{"line":698,"column":8},"end":{"line":702,"column":9}},"187":{"start":{"line":700,"column":12},"end":{"line":701,"column":null}},"188":{"start":{"line":703,"column":8},"end":{"line":709,"column":9}},"189":{"start":{"line":707,"column":12},"end":{"line":708,"column":null}},"190":{"start":{"line":710,"column":20},"end":{"line":710,"column":51}},"191":{"start":{"line":711,"column":8},"end":{"line":714,"column":9}},"192":{"start":{"line":712,"column":12},"end":{"line":713,"column":null}},"193":{"start":{"line":715,"column":8},"end":{"line":718,"column":9}},"194":{"start":{"line":716,"column":12},"end":{"line":717,"column":null}},"195":{"start":{"line":719,"column":8},"end":{"line":719,"column":null}},"196":{"start":{"line":728,"column":28},"end":{"line":729,"column":28}},"197":{"start":{"line":730,"column":26},"end":{"line":732,"column":24}},"198":{"start":{"line":733,"column":8},"end":{"line":733,"column":null}},"199":{"start":{"line":734,"column":8},"end":{"line":734,"column":null}},"200":{"start":{"line":735,"column":8},"end":{"line":735,"column":null}},"201":{"start":{"line":736,"column":8},"end":{"line":736,"column":null}},"202":{"start":{"line":737,"column":8},"end":{"line":737,"column":null}},"203":{"start":{"line":738,"column":8},"end":{"line":738,"column":null}},"204":{"start":{"line":739,"column":8},"end":{"line":739,"column":null}},"205":{"start":{"line":740,"column":8},"end":{"line":740,"column":null}},"206":{"start":{"line":741,"column":8},"end":{"line":741,"column":null}},"207":{"start":{"line":742,"column":8},"end":{"line":742,"column":null}},"208":{"start":{"line":743,"column":8},"end":{"line":743,"column":null}},"209":{"start":{"line":744,"column":8},"end":{"line":744,"column":null}},"210":{"start":{"line":745,"column":8},"end":{"line":745,"column":null}},"211":{"start":{"line":746,"column":8},"end":{"line":746,"column":null}},"212":{"start":{"line":747,"column":8},"end":{"line":747,"column":null}},"213":{"start":{"line":748,"column":8},"end":{"line":748,"column":null}},"214":{"start":{"line":749,"column":8},"end":{"line":749,"column":null}},"215":{"start":{"line":750,"column":8},"end":{"line":750,"column":null}},"216":{"start":{"line":751,"column":8},"end":{"line":751,"column":null}},"217":{"start":{"line":758,"column":8},"end":{"line":760,"column":9}},"218":{"start":{"line":759,"column":12},"end":{"line":759,"column":null}},"219":{"start":{"line":761,"column":28},"end":{"line":762,"column":28}},"220":{"start":{"line":763,"column":26},"end":{"line":766,"column":73}},"221":{"start":{"line":767,"column":8},"end":{"line":778,"column":9}},"222":{"start":{"line":773,"column":12},"end":{"line":777,"column":null}},"223":{"start":{"line":779,"column":8},"end":{"line":779,"column":null}},"224":{"start":{"line":788,"column":8},"end":{"line":804,"column":null}},"225":{"start":{"line":816,"column":8},"end":{"line":832,"column":null}},"226":{"start":{"line":840,"column":8},"end":{"line":846,"column":null}},"227":{"start":{"line":853,"column":8},"end":{"line":856,"column":9}},"228":{"start":{"line":854,"column":12},"end":{"line":855,"column":null}},"229":{"start":{"line":857,"column":8},"end":{"line":861,"column":9}},"230":{"start":{"line":859,"column":12},"end":{"line":860,"column":null}},"231":{"start":{"line":862,"column":8},"end":{"line":862,"column":null}},"232":{"start":{"line":866,"column":21},"end":{"line":871,"column":null}},"233":{"start":{"line":873,"column":8},"end":{"line":873,"column":null}},"234":{"start":{"line":880,"column":8},"end":{"line":888,"column":null}},"235":{"start":{"line":892,"column":21},"end":{"line":892,"column":104}},"236":{"start":{"line":893,"column":8},"end":{"line":893,"column":null}},"237":{"start":{"line":897,"column":8},"end":{"line":918,"column":null}},"238":{"start":{"line":922,"column":8},"end":{"line":932,"column":9}},"239":{"start":{"line":930,"column":12},"end":{"line":931,"column":null}},"240":{"start":{"line":933,"column":8},"end":{"line":933,"column":null}},"241":{"start":{"line":937,"column":8},"end":{"line":939,"column":null}},"242":{"start":{"line":943,"column":8},"end":{"line":946,"column":9}},"243":{"start":{"line":944,"column":12},"end":{"line":945,"column":null}},"244":{"start":{"line":947,"column":8},"end":{"line":948,"column":null}},"245":{"start":{"line":952,"column":8},"end":{"line":953,"column":null}},"246":{"start":{"line":957,"column":8},"end":{"line":959,"column":9}},"247":{"start":{"line":958,"column":12},"end":{"line":958,"column":null}},"248":{"start":{"line":960,"column":24},"end":{"line":961,"column":24}},"249":{"start":{"line":962,"column":8},"end":{"line":962,"column":null}},"250":{"start":{"line":966,"column":8},"end":{"line":966,"column":null}},"251":{"start":{"line":970,"column":8},"end":{"line":970,"column":null}},"252":{"start":{"line":980,"column":8},"end":{"line":986,"column":null}},"253":{"start":{"line":994,"column":8},"end":{"line":1012,"column":9}},"254":{"start":{"line":994,"column":27},"end":{"line":994,"column":28}},"255":{"start":{"line":995,"column":12},"end":{"line":1011,"column":13}},"256":{"start":{"line":996,"column":16},"end":{"line":997,"column":null}},"257":{"start":{"line":999,"column":16},"end":{"line":999,"column":null}},"258":{"start":{"line":1000,"column":16},"end":{"line":1002,"column":17}},"259":{"start":{"line":1001,"column":20},"end":{"line":1001,"column":null}},"260":{"start":{"line":1003,"column":16},"end":{"line":1005,"column":17}},"261":{"start":{"line":1004,"column":20},"end":{"line":1004,"column":null}},"262":{"start":{"line":1006,"column":30},"end":{"line":1006,"column":69}},"263":{"start":{"line":1007,"column":16},"end":{"line":1010,"column":null}},"264":{"start":{"line":1008,"column":20},"end":{"line":1009,"column":null}},"265":{"start":{"line":1013,"column":8},"end":{"line":1015,"column":9}},"266":{"start":{"line":1014,"column":12},"end":{"line":1014,"column":null}},"267":{"start":{"line":1016,"column":8},"end":{"line":1016,"column":null}},"268":{"start":{"line":1020,"column":8},"end":{"line":1022,"column":9}},"269":{"start":{"line":1021,"column":12},"end":{"line":1021,"column":null}},"270":{"start":{"line":1023,"column":24},"end":{"line":1023,"column":53}},"271":{"start":{"line":1024,"column":21},"end":{"line":1024,"column":62}},"272":{"start":{"line":1025,"column":8},"end":{"line":1025,"column":null}},"273":{"start":{"line":116,"column":13},"end":{"line":116,"column":38}},"274":{"start":{"line":116,"column":13},"end":{"line":1027,"column":null}}},"fnMap":{"0":{"name":"(anonymous_4)","decl":{"start":{"line":117,"column":4},"end":{"line":117,"column":null}},"loc":{"start":{"line":119,"column":53},"end":{"line":121,"column":5}}},"1":{"name":"(anonymous_5)","decl":{"start":{"line":124,"column":4},"end":{"line":124,"column":9}},"loc":{"start":{"line":124,"column":44},"end":{"line":234,"column":5}}},"2":{"name":"(anonymous_6)","decl":{"start":{"line":140,"column":41},"end":{"line":140,"column":46}},"loc":{"start":{"line":140,"column":59},"end":{"line":231,"column":9}}},"3":{"name":"(anonymous_7)","decl":{"start":{"line":232,"column":8},"end":{"line":232,"column":11}},"loc":{"start":{"line":232,"column":14},"end":{"line":233,"column":72}}},"4":{"name":"(anonymous_8)","decl":{"start":{"line":237,"column":4},"end":{"line":237,"column":9}},"loc":{"start":{"line":237,"column":42},"end":{"line":336,"column":5}}},"5":{"name":"(anonymous_9)","decl":{"start":{"line":247,"column":41},"end":{"line":247,"column":46}},"loc":{"start":{"line":247,"column":59},"end":{"line":333,"column":9}}},"6":{"name":"(anonymous_10)","decl":{"start":{"line":334,"column":8},"end":{"line":334,"column":11}},"loc":{"start":{"line":334,"column":14},"end":{"line":335,"column":71}}},"7":{"name":"(anonymous_11)","decl":{"start":{"line":339,"column":4},"end":{"line":339,"column":9}},"loc":{"start":{"line":339,"column":50},"end":{"line":416,"column":5}}},"8":{"name":"(anonymous_12)","decl":{"start":{"line":351,"column":41},"end":{"line":351,"column":46}},"loc":{"start":{"line":351,"column":59},"end":{"line":413,"column":9}}},"9":{"name":"(anonymous_13)","decl":{"start":{"line":414,"column":8},"end":{"line":414,"column":11}},"loc":{"start":{"line":414,"column":14},"end":{"line":415,"column":75}}},"10":{"name":"(anonymous_14)","decl":{"start":{"line":419,"column":4},"end":{"line":419,"column":9}},"loc":{"start":{"line":419,"column":48},"end":{"line":446,"column":5}}},"11":{"name":"(anonymous_15)","decl":{"start":{"line":449,"column":4},"end":{"line":449,"column":9}},"loc":{"start":{"line":449,"column":40},"end":{"line":477,"column":5}}},"12":{"name":"(anonymous_16)","decl":{"start":{"line":480,"column":4},"end":{"line":480,"column":9}},"loc":{"start":{"line":480,"column":44},"end":{"line":542,"column":5}}},"13":{"name":"(anonymous_17)","decl":{"start":{"line":489,"column":41},"end":{"line":489,"column":46}},"loc":{"start":{"line":489,"column":59},"end":{"line":539,"column":9}}},"14":{"name":"(anonymous_18)","decl":{"start":{"line":540,"column":8},"end":{"line":540,"column":11}},"loc":{"start":{"line":540,"column":14},"end":{"line":541,"column":72}}},"15":{"name":"(anonymous_19)","decl":{"start":{"line":545,"column":4},"end":{"line":545,"column":9}},"loc":{"start":{"line":545,"column":38},"end":{"line":565,"column":5}}},"16":{"name":"(anonymous_20)","decl":{"start":{"line":568,"column":4},"end":{"line":568,"column":9}},"loc":{"start":{"line":570,"column":9},"end":{"line":634,"column":5}}},"17":{"name":"(anonymous_21)","decl":{"start":{"line":575,"column":75},"end":{"line":575,"column":80}},"loc":{"start":{"line":575,"column":93},"end":{"line":627,"column":9}}},"18":{"name":"(anonymous_22)","decl":{"start":{"line":628,"column":8},"end":{"line":628,"column":11}},"loc":{"start":{"line":628,"column":15},"end":{"line":633,"column":10}}},"19":{"name":"(anonymous_23)","decl":{"start":{"line":636,"column":12},"end":{"line":636,"column":17}},"loc":{"start":{"line":640,"column":32},"end":{"line":680,"column":5}}},"20":{"name":"(anonymous_24)","decl":{"start":{"line":643,"column":41},"end":{"line":643,"column":46}},"loc":{"start":{"line":643,"column":59},"end":{"line":677,"column":9}}},"21":{"name":"(anonymous_25)","decl":{"start":{"line":678,"column":8},"end":{"line":678,"column":11}},"loc":{"start":{"line":678,"column":14},"end":{"line":679,"column":74}}},"22":{"name":"(anonymous_26)","decl":{"start":{"line":682,"column":12},"end":{"line":682,"column":17}},"loc":{"start":{"line":688,"column":25},"end":{"line":720,"column":5}}},"23":{"name":"(anonymous_27)","decl":{"start":{"line":722,"column":12},"end":{"line":722,"column":17}},"loc":{"start":{"line":726,"column":17},"end":{"line":752,"column":5}}},"24":{"name":"(anonymous_28)","decl":{"start":{"line":754,"column":12},"end":{"line":754,"column":26}},"loc":{"start":{"line":756,"column":32},"end":{"line":780,"column":5}}},"25":{"name":"(anonymous_29)","decl":{"start":{"line":782,"column":12},"end":{"line":782,"column":29}},"loc":{"start":{"line":786,"column":41},"end":{"line":805,"column":5}}},"26":{"name":"(anonymous_30)","decl":{"start":{"line":807,"column":12},"end":{"line":807,"column":26}},"loc":{"start":{"line":815,"column":5},"end":{"line":833,"column":5}}},"27":{"name":"(anonymous_31)","decl":{"start":{"line":835,"column":12},"end":{"line":835,"column":25}},"loc":{"start":{"line":838,"column":25},"end":{"line":847,"column":5}}},"28":{"name":"(anonymous_32)","decl":{"start":{"line":849,"column":12},"end":{"line":849,"column":32}},"loc":{"start":{"line":851,"column":17},"end":{"line":863,"column":5}}},"29":{"name":"(anonymous_33)","decl":{"start":{"line":865,"column":12},"end":{"line":865,"column":17}},"loc":{"start":{"line":865,"column":59},"end":{"line":874,"column":5}}},"30":{"name":"(anonymous_34)","decl":{"start":{"line":876,"column":12},"end":{"line":876,"column":17}},"loc":{"start":{"line":878,"column":27},"end":{"line":889,"column":5}}},"31":{"name":"(anonymous_35)","decl":{"start":{"line":891,"column":12},"end":{"line":891,"column":17}},"loc":{"start":{"line":891,"column":52},"end":{"line":894,"column":5}}},"32":{"name":"(anonymous_36)","decl":{"start":{"line":896,"column":12},"end":{"line":896,"column":18}},"loc":{"start":{"line":896,"column":47},"end":{"line":919,"column":5}}},"33":{"name":"(anonymous_37)","decl":{"start":{"line":921,"column":12},"end":{"line":921,"column":31}},"loc":{"start":{"line":921,"column":59},"end":{"line":934,"column":5}}},"34":{"name":"(anonymous_38)","decl":{"start":{"line":936,"column":12},"end":{"line":936,"column":27}},"loc":{"start":{"line":936,"column":46},"end":{"line":940,"column":5}}},"35":{"name":"(anonymous_39)","decl":{"start":{"line":942,"column":12},"end":{"line":942,"column":30}},"loc":{"start":{"line":942,"column":75},"end":{"line":949,"column":5}}},"36":{"name":"(anonymous_40)","decl":{"start":{"line":951,"column":12},"end":{"line":951,"column":27}},"loc":{"start":{"line":951,"column":64},"end":{"line":954,"column":5}}},"37":{"name":"(anonymous_41)","decl":{"start":{"line":956,"column":12},"end":{"line":956,"column":27}},"loc":{"start":{"line":956,"column":41},"end":{"line":963,"column":5}}},"38":{"name":"(anonymous_42)","decl":{"start":{"line":965,"column":12},"end":{"line":965,"column":24}},"loc":{"start":{"line":965,"column":38},"end":{"line":967,"column":5}}},"39":{"name":"(anonymous_43)","decl":{"start":{"line":969,"column":12},"end":{"line":969,"column":28}},"loc":{"start":{"line":969,"column":42},"end":{"line":971,"column":5}}},"40":{"name":"(anonymous_44)","decl":{"start":{"line":973,"column":12},"end":{"line":973,"column":19}},"loc":{"start":{"line":973,"column":63},"end":{"line":987,"column":5}}},"41":{"name":"(anonymous_45)","decl":{"start":{"line":989,"column":12},"end":{"line":989,"column":17}},"loc":{"start":{"line":991,"column":31},"end":{"line":1017,"column":5}}},"42":{"name":"(anonymous_46)","decl":{"start":{"line":1007,"column":40},"end":{"line":1007,"column":41}},"loc":{"start":{"line":1007,"column":52},"end":{"line":1010,"column":17}}},"43":{"name":"(anonymous_47)","decl":{"start":{"line":1019,"column":12},"end":{"line":1019,"column":41}},"loc":{"start":{"line":1019,"column":58},"end":{"line":1026,"column":5}}}},"branchMap":{"0":{"loc":{"start":{"line":126,"column":8},"end":{"line":128,"column":9}},"type":"if","locations":[{"start":{"line":126,"column":8},"end":{"line":128,"column":9}},{"start":{},"end":{}}]},"1":{"loc":{"start":{"line":142,"column":12},"end":{"line":145,"column":13}},"type":"if","locations":[{"start":{"line":142,"column":12},"end":{"line":145,"column":13}},{"start":{},"end":{}}]},"2":{"loc":{"start":{"line":157,"column":12},"end":{"line":167,"column":13}},"type":"if","locations":[{"start":{"line":157,"column":12},"end":{"line":167,"column":13}},{"start":{},"end":{}}]},"3":{"loc":{"start":{"line":158,"column":16},"end":{"line":161,"column":17}},"type":"if","locations":[{"start":{"line":158,"column":16},"end":{"line":161,"column":17}},{"start":{},"end":{}}]},"4":{"loc":{"start":{"line":168,"column":12},"end":{"line":171,"column":13}},"type":"if","locations":[{"start":{"line":168,"column":12},"end":{"line":171,"column":13}},{"start":{},"end":{}}]},"5":{"loc":{"start":{"line":172,"column":12},"end":{"line":175,"column":13}},"type":"if","locations":[{"start":{"line":172,"column":12},"end":{"line":175,"column":13}},{"start":{},"end":{}}]},"6":{"loc":{"start":{"line":177,"column":12},"end":{"line":180,"column":13}},"type":"if","locations":[{"start":{"line":177,"column":12},"end":{"line":180,"column":13}},{"start":{},"end":{}}]},"7":{"loc":{"start":{"line":181,"column":12},"end":{"line":184,"column":13}},"type":"if","locations":[{"start":{"line":181,"column":12},"end":{"line":184,"column":13}},{"start":{},"end":{}}]},"8":{"loc":{"start":{"line":204,"column":30},"end":{"line":217,"column":22}},"type":"cond-expr","locations":[{"start":{"line":205,"column":18},"end":{"line":206,"column":35}},{"start":{"line":207,"column":18},"end":{"line":217,"column":22}}]},"9":{"loc":{"start":{"line":218,"column":12},"end":{"line":221,"column":13}},"type":"if","locations":[{"start":{"line":218,"column":12},"end":{"line":221,"column":13}},{"start":{},"end":{}}]},"10":{"loc":{"start":{"line":222,"column":12},"end":{"line":225,"column":13}},"type":"if","locations":[{"start":{"line":222,"column":12},"end":{"line":225,"column":13}},{"start":{},"end":{}}]},"11":{"loc":{"start":{"line":238,"column":8},"end":{"line":246,"column":9}},"type":"if","locations":[{"start":{"line":238,"column":8},"end":{"line":246,"column":9}},{"start":{},"end":{}}]},"12":{"loc":{"start":{"line":238,"column":12},"end":{"line":243,"column":56}},"type":"binary-expr","locations":[{"start":{"line":238,"column":12},"end":{"line":238,"column":56}},{"start":{"line":239,"column":15},"end":{"line":240,"column":20}},{"start":{"line":241,"column":15},"end":{"line":242,"column":20}},{"start":{"line":243,"column":15},"end":{"line":243,"column":56}}]},"13":{"loc":{"start":{"line":251,"column":12},"end":{"line":254,"column":13}},"type":"if","locations":[{"start":{"line":251,"column":12},"end":{"line":254,"column":13}},{"start":{},"end":{}}]},"14":{"loc":{"start":{"line":251,"column":16},"end":{"line":251,"column":38}},"type":"binary-expr","locations":[{"start":{"line":251,"column":16},"end":{"line":251,"column":24}},{"start":{"line":251,"column":28},"end":{"line":251,"column":38}}]},"15":{"loc":{"start":{"line":256,"column":12},"end":{"line":281,"column":13}},"type":"if","locations":[{"start":{"line":256,"column":12},"end":{"line":281,"column":13}},{"start":{},"end":{}}]},"16":{"loc":{"start":{"line":256,"column":16},"end":{"line":257,"column":43}},"type":"binary-expr","locations":[{"start":{"line":256,"column":16},"end":{"line":256,"column":60}},{"start":{"line":257,"column":19},"end":{"line":257,"column":43}}]},"17":{"loc":{"start":{"line":267,"column":16},"end":{"line":280,"column":17}},"type":"if","locations":[{"start":{"line":267,"column":16},"end":{"line":280,"column":17}},{"start":{},"end":{}}]},"18":{"loc":{"start":{"line":272,"column":20},"end":{"line":274,"column":21}},"type":"if","locations":[{"start":{"line":272,"column":20},"end":{"line":274,"column":21}},{"start":{},"end":{}}]},"19":{"loc":{"start":{"line":282,"column":12},"end":{"line":285,"column":13}},"type":"if","locations":[{"start":{"line":282,"column":12},"end":{"line":285,"column":13}},{"start":{},"end":{}}]},"20":{"loc":{"start":{"line":286,"column":12},"end":{"line":289,"column":13}},"type":"if","locations":[{"start":{"line":286,"column":12},"end":{"line":289,"column":13}},{"start":{},"end":{}}]},"21":{"loc":{"start":{"line":290,"column":12},"end":{"line":294,"column":13}},"type":"if","locations":[{"start":{"line":290,"column":12},"end":{"line":294,"column":13}},{"start":{},"end":{}}]},"22":{"loc":{"start":{"line":290,"column":16},"end":{"line":291,"column":57}},"type":"binary-expr","locations":[{"start":{"line":290,"column":16},"end":{"line":290,"column":73}},{"start":{"line":291,"column":19},"end":{"line":291,"column":57}}]},"23":{"loc":{"start":{"line":295,"column":12},"end":{"line":298,"column":13}},"type":"if","locations":[{"start":{"line":295,"column":12},"end":{"line":298,"column":13}},{"start":{},"end":{}}]},"24":{"loc":{"start":{"line":340,"column":8},"end":{"line":349,"column":9}},"type":"if","locations":[{"start":{"line":340,"column":8},"end":{"line":349,"column":9}},{"start":{},"end":{}}]},"25":{"loc":{"start":{"line":340,"column":12},"end":{"line":346,"column":56}},"type":"binary-expr","locations":[{"start":{"line":340,"column":12},"end":{"line":340,"column":56}},{"start":{"line":341,"column":15},"end":{"line":342,"column":20}},{"start":{"line":343,"column":15},"end":{"line":344,"column":20}},{"start":{"line":345,"column":15},"end":{"line":345,"column":54}},{"start":{"line":346,"column":15},"end":{"line":346,"column":56}}]},"26":{"loc":{"start":{"line":355,"column":12},"end":{"line":358,"column":13}},"type":"if","locations":[{"start":{"line":355,"column":12},"end":{"line":358,"column":13}},{"start":{},"end":{}}]},"27":{"loc":{"start":{"line":355,"column":16},"end":{"line":355,"column":38}},"type":"binary-expr","locations":[{"start":{"line":355,"column":16},"end":{"line":355,"column":24}},{"start":{"line":355,"column":28},"end":{"line":355,"column":38}}]},"28":{"loc":{"start":{"line":369,"column":12},"end":{"line":382,"column":13}},"type":"if","locations":[{"start":{"line":369,"column":12},"end":{"line":382,"column":13}},{"start":{},"end":{}}]},"29":{"loc":{"start":{"line":374,"column":16},"end":{"line":376,"column":17}},"type":"if","locations":[{"start":{"line":374,"column":16},"end":{"line":376,"column":17}},{"start":{},"end":{}}]},"30":{"loc":{"start":{"line":391,"column":12},"end":{"line":393,"column":13}},"type":"if","locations":[{"start":{"line":391,"column":12},"end":{"line":393,"column":13}},{"start":{},"end":{}}]},"31":{"loc":{"start":{"line":420,"column":8},"end":{"line":429,"column":9}},"type":"if","locations":[{"start":{"line":420,"column":8},"end":{"line":429,"column":9}},{"start":{},"end":{}}]},"32":{"loc":{"start":{"line":420,"column":12},"end":{"line":426,"column":56}},"type":"binary-expr","locations":[{"start":{"line":420,"column":12},"end":{"line":420,"column":52}},{"start":{"line":421,"column":15},"end":{"line":422,"column":20}},{"start":{"line":423,"column":15},"end":{"line":424,"column":20}},{"start":{"line":425,"column":15},"end":{"line":425,"column":54}},{"start":{"line":426,"column":15},"end":{"line":426,"column":56}}]},"33":{"loc":{"start":{"line":450,"column":8},"end":{"line":460,"column":9}},"type":"if","locations":[{"start":{"line":450,"column":8},"end":{"line":460,"column":9}},{"start":{},"end":{}}]},"34":{"loc":{"start":{"line":450,"column":12},"end":{"line":457,"column":56}},"type":"binary-expr","locations":[{"start":{"line":450,"column":12},"end":{"line":451,"column":15}},{"start":{"line":452,"column":15},"end":{"line":453,"column":20}},{"start":{"line":454,"column":15},"end":{"line":455,"column":20}},{"start":{"line":456,"column":15},"end":{"line":456,"column":54}},{"start":{"line":457,"column":15},"end":{"line":457,"column":56}}]},"35":{"loc":{"start":{"line":481,"column":8},"end":{"line":488,"column":9}},"type":"if","locations":[{"start":{"line":481,"column":8},"end":{"line":488,"column":9}},{"start":{},"end":{}}]},"36":{"loc":{"start":{"line":481,"column":12},"end":{"line":485,"column":56}},"type":"binary-expr","locations":[{"start":{"line":481,"column":12},"end":{"line":482,"column":16}},{"start":{"line":483,"column":15},"end":{"line":484,"column":19}},{"start":{"line":485,"column":15},"end":{"line":485,"column":56}}]},"37":{"loc":{"start":{"line":493,"column":12},"end":{"line":496,"column":13}},"type":"if","locations":[{"start":{"line":493,"column":12},"end":{"line":496,"column":13}},{"start":{},"end":{}}]},"38":{"loc":{"start":{"line":493,"column":16},"end":{"line":493,"column":38}},"type":"binary-expr","locations":[{"start":{"line":493,"column":16},"end":{"line":493,"column":24}},{"start":{"line":493,"column":28},"end":{"line":493,"column":38}}]},"39":{"loc":{"start":{"line":497,"column":12},"end":{"line":500,"column":13}},"type":"if","locations":[{"start":{"line":497,"column":12},"end":{"line":500,"column":13}},{"start":{},"end":{}}]},"40":{"loc":{"start":{"line":497,"column":16},"end":{"line":497,"column":71}},"type":"binary-expr","locations":[{"start":{"line":497,"column":16},"end":{"line":497,"column":30}},{"start":{"line":497,"column":34},"end":{"line":497,"column":71}}]},"41":{"loc":{"start":{"line":517,"column":12},"end":{"line":519,"column":13}},"type":"if","locations":[{"start":{"line":517,"column":12},"end":{"line":519,"column":13}},{"start":{},"end":{}}]},"42":{"loc":{"start":{"line":520,"column":12},"end":{"line":524,"column":13}},"type":"if","locations":[{"start":{"line":520,"column":12},"end":{"line":524,"column":13}},{"start":{},"end":{}}]},"43":{"loc":{"start":{"line":520,"column":16},"end":{"line":521,"column":63}},"type":"binary-expr","locations":[{"start":{"line":520,"column":16},"end":{"line":520,"column":61}},{"start":{"line":521,"column":19},"end":{"line":521,"column":63}}]},"44":{"loc":{"start":{"line":525,"column":12},"end":{"line":528,"column":13}},"type":"if","locations":[{"start":{"line":525,"column":12},"end":{"line":528,"column":13}},{"start":{},"end":{}}]},"45":{"loc":{"start":{"line":552,"column":8},"end":{"line":555,"column":9}},"type":"if","locations":[{"start":{"line":552,"column":8},"end":{"line":555,"column":9}},{"start":{},"end":{}}]},"46":{"loc":{"start":{"line":556,"column":8},"end":{"line":559,"column":9}},"type":"if","locations":[{"start":{"line":556,"column":8},"end":{"line":559,"column":9}},{"start":{},"end":{}}]},"47":{"loc":{"start":{"line":556,"column":12},"end":{"line":556,"column":67}},"type":"binary-expr","locations":[{"start":{"line":556,"column":12},"end":{"line":556,"column":26}},{"start":{"line":556,"column":30},"end":{"line":556,"column":67}}]},"48":{"loc":{"start":{"line":569,"column":8},"end":{"line":569,"column":null}},"type":"default-arg","locations":[{"start":{"line":569,"column":49},"end":{"line":569,"column":null}}]},"49":{"loc":{"start":{"line":574,"column":27},"end":{"line":574,"column":65}},"type":"binary-expr","locations":[{"start":{"line":574,"column":27},"end":{"line":574,"column":42}},{"start":{"line":574,"column":46},"end":{"line":574,"column":65}}]},"50":{"loc":{"start":{"line":577,"column":12},"end":{"line":584,"column":13}},"type":"if","locations":[{"start":{"line":577,"column":12},"end":{"line":584,"column":13}},{"start":{},"end":{}}]},"51":{"loc":{"start":{"line":601,"column":34},"end":{"line":605,"column":40}},"type":"cond-expr","locations":[{"start":{"line":604,"column":22},"end":{"line":604,"column":37}},{"start":{"line":605,"column":22},"end":{"line":605,"column":40}}]},"52":{"loc":{"start":{"line":601,"column":34},"end":{"line":603,"column":74}},"type":"binary-expr","locations":[{"start":{"line":601,"column":34},"end":{"line":601,"column":78}},{"start":{"line":602,"column":23},"end":{"line":602,"column":47}},{"start":{"line":603,"column":23},"end":{"line":603,"column":74}}]},"53":{"loc":{"start":{"line":647,"column":12},"end":{"line":650,"column":13}},"type":"if","locations":[{"start":{"line":647,"column":12},"end":{"line":650,"column":13}},{"start":{},"end":{}}]},"54":{"loc":{"start":{"line":647,"column":16},"end":{"line":647,"column":38}},"type":"binary-expr","locations":[{"start":{"line":647,"column":16},"end":{"line":647,"column":24}},{"start":{"line":647,"column":28},"end":{"line":647,"column":38}}]},"55":{"loc":{"start":{"line":653,"column":12},"end":{"line":655,"column":13}},"type":"if","locations":[{"start":{"line":653,"column":12},"end":{"line":655,"column":13}},{"start":{},"end":{}}]},"56":{"loc":{"start":{"line":664,"column":12},"end":{"line":666,"column":13}},"type":"if","locations":[{"start":{"line":664,"column":12},"end":{"line":666,"column":13}},{"start":{},"end":{}}]},"57":{"loc":{"start":{"line":690,"column":8},"end":{"line":693,"column":9}},"type":"if","locations":[{"start":{"line":690,"column":8},"end":{"line":693,"column":9}},{"start":{},"end":{}}]},"58":{"loc":{"start":{"line":694,"column":8},"end":{"line":697,"column":9}},"type":"if","locations":[{"start":{"line":694,"column":8},"end":{"line":697,"column":9}},{"start":{},"end":{}}]},"59":{"loc":{"start":{"line":698,"column":8},"end":{"line":702,"column":9}},"type":"if","locations":[{"start":{"line":698,"column":8},"end":{"line":702,"column":9}},{"start":{},"end":{}}]},"60":{"loc":{"start":{"line":698,"column":12},"end":{"line":699,"column":53}},"type":"binary-expr","locations":[{"start":{"line":698,"column":12},"end":{"line":698,"column":69}},{"start":{"line":699,"column":15},"end":{"line":699,"column":53}}]},"61":{"loc":{"start":{"line":703,"column":8},"end":{"line":709,"column":9}},"type":"if","locations":[{"start":{"line":703,"column":8},"end":{"line":709,"column":9}},{"start":{},"end":{}}]},"62":{"loc":{"start":{"line":703,"column":12},"end":{"line":706,"column":26}},"type":"binary-expr","locations":[{"start":{"line":703,"column":12},"end":{"line":703,"column":49}},{"start":{"line":704,"column":15},"end":{"line":704,"column":40}},{"start":{"line":705,"column":15},"end":{"line":706,"column":26}}]},"63":{"loc":{"start":{"line":711,"column":8},"end":{"line":714,"column":9}},"type":"if","locations":[{"start":{"line":711,"column":8},"end":{"line":714,"column":9}},{"start":{},"end":{}}]},"64":{"loc":{"start":{"line":711,"column":12},"end":{"line":711,"column":92}},"type":"binary-expr","locations":[{"start":{"line":711,"column":12},"end":{"line":711,"column":37}},{"start":{"line":711,"column":41},"end":{"line":711,"column":92}}]},"65":{"loc":{"start":{"line":715,"column":8},"end":{"line":718,"column":9}},"type":"if","locations":[{"start":{"line":715,"column":8},"end":{"line":718,"column":9}},{"start":{},"end":{}}]},"66":{"loc":{"start":{"line":748,"column":32},"end":{"line":748,"column":67}},"type":"cond-expr","locations":[{"start":{"line":748,"column":62},"end":{"line":748,"column":63}},{"start":{"line":748,"column":66},"end":{"line":748,"column":67}}]},"67":{"loc":{"start":{"line":758,"column":8},"end":{"line":760,"column":9}},"type":"if","locations":[{"start":{"line":758,"column":8},"end":{"line":760,"column":9}},{"start":{},"end":{}}]},"68":{"loc":{"start":{"line":758,"column":12},"end":{"line":758,"column":74}},"type":"binary-expr","locations":[{"start":{"line":758,"column":12},"end":{"line":758,"column":42}},{"start":{"line":758,"column":46},"end":{"line":758,"column":74}}]},"69":{"loc":{"start":{"line":766,"column":36},"end":{"line":766,"column":71}},"type":"cond-expr","locations":[{"start":{"line":766,"column":66},"end":{"line":766,"column":67}},{"start":{"line":766,"column":70},"end":{"line":766,"column":71}}]},"70":{"loc":{"start":{"line":767,"column":8},"end":{"line":778,"column":9}},"type":"if","locations":[{"start":{"line":767,"column":8},"end":{"line":778,"column":9}},{"start":{},"end":{}}]},"71":{"loc":{"start":{"line":767,"column":12},"end":{"line":772,"column":26}},"type":"binary-expr","locations":[{"start":{"line":767,"column":12},"end":{"line":767,"column":51}},{"start":{"line":768,"column":15},"end":{"line":768,"column":52}},{"start":{"line":769,"column":15},"end":{"line":770,"column":28}},{"start":{"line":771,"column":15},"end":{"line":772,"column":26}}]},"72":{"loc":{"start":{"line":786,"column":8},"end":{"line":786,"column":41}},"type":"default-arg","locations":[{"start":{"line":786,"column":21},"end":{"line":786,"column":41}}]},"73":{"loc":{"start":{"line":797,"column":20},"end":{"line":803,"column":22}},"type":"cond-expr","locations":[{"start":{"line":798,"column":22},"end":{"line":798,"column":null}},{"start":{"line":800,"column":22},"end":{"line":803,"column":22}}]},"74":{"loc":{"start":{"line":802,"column":43},"end":{"line":802,"column":85}},"type":"binary-expr","locations":[{"start":{"line":802,"column":43},"end":{"line":802,"column":77}},{"start":{"line":802,"column":81},"end":{"line":802,"column":85}}]},"75":{"loc":{"start":{"line":825,"column":35},"end":{"line":825,"column":75}},"type":"binary-expr","locations":[{"start":{"line":825,"column":35},"end":{"line":825,"column":67}},{"start":{"line":825,"column":71},"end":{"line":825,"column":75}}]},"76":{"loc":{"start":{"line":826,"column":20},"end":{"line":830,"column":null}},"type":"cond-expr","locations":[{"start":{"line":827,"column":22},"end":{"line":829,"column":null}},{"start":{"line":830,"column":22},"end":{"line":830,"column":null}}]},"77":{"loc":{"start":{"line":840,"column":15},"end":{"line":846,"column":26}},"type":"binary-expr","locations":[{"start":{"line":840,"column":15},"end":{"line":840,"column":59}},{"start":{"line":841,"column":15},"end":{"line":841,"column":60}},{"start":{"line":842,"column":15},"end":{"line":842,"column":55}},{"start":{"line":843,"column":15},"end":{"line":843,"column":62}},{"start":{"line":844,"column":15},"end":{"line":844,"column":73}},{"start":{"line":845,"column":15},"end":{"line":846,"column":26}}]},"78":{"loc":{"start":{"line":853,"column":8},"end":{"line":856,"column":9}},"type":"if","locations":[{"start":{"line":853,"column":8},"end":{"line":856,"column":9}},{"start":{},"end":{}}]},"79":{"loc":{"start":{"line":857,"column":8},"end":{"line":861,"column":9}},"type":"if","locations":[{"start":{"line":857,"column":8},"end":{"line":861,"column":9}},{"start":{},"end":{}}]},"80":{"loc":{"start":{"line":857,"column":12},"end":{"line":858,"column":80}},"type":"binary-expr","locations":[{"start":{"line":857,"column":12},"end":{"line":857,"column":51}},{"start":{"line":858,"column":15},"end":{"line":858,"column":80}}]},"81":{"loc":{"start":{"line":873,"column":15},"end":{"line":873,"column":30}},"type":"binary-expr","locations":[{"start":{"line":873,"column":15},"end":{"line":873,"column":22}},{"start":{"line":873,"column":26},"end":{"line":873,"column":30}}]},"82":{"loc":{"start":{"line":922,"column":8},"end":{"line":932,"column":9}},"type":"if","locations":[{"start":{"line":922,"column":8},"end":{"line":932,"column":9}},{"start":{},"end":{}}]},"83":{"loc":{"start":{"line":922,"column":12},"end":{"line":929,"column":55}},"type":"binary-expr","locations":[{"start":{"line":922,"column":12},"end":{"line":922,"column":72}},{"start":{"line":923,"column":15},"end":{"line":924,"column":34}},{"start":{"line":925,"column":15},"end":{"line":925,"column":48}},{"start":{"line":926,"column":15},"end":{"line":926,"column":48}},{"start":{"line":927,"column":15},"end":{"line":927,"column":49}},{"start":{"line":928,"column":15},"end":{"line":928,"column":48}},{"start":{"line":929,"column":15},"end":{"line":929,"column":55}}]},"84":{"loc":{"start":{"line":937,"column":15},"end":{"line":939,"column":50}},"type":"binary-expr","locations":[{"start":{"line":937,"column":15},"end":{"line":937,"column":47}},{"start":{"line":938,"column":15},"end":{"line":938,"column":50}},{"start":{"line":939,"column":15},"end":{"line":939,"column":50}}]},"85":{"loc":{"start":{"line":943,"column":8},"end":{"line":946,"column":9}},"type":"if","locations":[{"start":{"line":943,"column":8},"end":{"line":946,"column":9}},{"start":{},"end":{}}]},"86":{"loc":{"start":{"line":944,"column":19},"end":{"line":945,"column":53}},"type":"binary-expr","locations":[{"start":{"line":944,"column":19},"end":{"line":944,"column":113}},{"start":{"line":945,"column":19},"end":{"line":945,"column":53}}]},"87":{"loc":{"start":{"line":947,"column":15},"end":{"line":948,"column":37}},"type":"binary-expr","locations":[{"start":{"line":947,"column":15},"end":{"line":947,"column":63}},{"start":{"line":948,"column":15},"end":{"line":948,"column":37}}]},"88":{"loc":{"start":{"line":952,"column":15},"end":{"line":953,"column":36}},"type":"binary-expr","locations":[{"start":{"line":952,"column":15},"end":{"line":952,"column":31}},{"start":{"line":952,"column":35},"end":{"line":953,"column":36}}]},"89":{"loc":{"start":{"line":957,"column":8},"end":{"line":959,"column":9}},"type":"if","locations":[{"start":{"line":957,"column":8},"end":{"line":959,"column":9}},{"start":{},"end":{}}]},"90":{"loc":{"start":{"line":962,"column":15},"end":{"line":962,"column":78}},"type":"binary-expr","locations":[{"start":{"line":962,"column":15},"end":{"line":962,"column":35}},{"start":{"line":962,"column":39},"end":{"line":962,"column":78}}]},"91":{"loc":{"start":{"line":1000,"column":16},"end":{"line":1002,"column":17}},"type":"if","locations":[{"start":{"line":1000,"column":16},"end":{"line":1002,"column":17}},{"start":{},"end":{}}]},"92":{"loc":{"start":{"line":1003,"column":16},"end":{"line":1005,"column":17}},"type":"if","locations":[{"start":{"line":1003,"column":16},"end":{"line":1005,"column":17}},{"start":{},"end":{}}]},"93":{"loc":{"start":{"line":1013,"column":8},"end":{"line":1015,"column":9}},"type":"if","locations":[{"start":{"line":1013,"column":8},"end":{"line":1015,"column":9}},{"start":{},"end":{}}]},"94":{"loc":{"start":{"line":1020,"column":8},"end":{"line":1022,"column":9}},"type":"if","locations":[{"start":{"line":1020,"column":8},"end":{"line":1022,"column":9}},{"start":{},"end":{}}]},"95":{"loc":{"start":{"line":1020,"column":12},"end":{"line":1020,"column":51}},"type":"binary-expr","locations":[{"start":{"line":1020,"column":12},"end":{"line":1020,"column":20}},{"start":{"line":1020,"column":24},"end":{"line":1020,"column":51}}]},"96":{"loc":{"start":{"line":1024,"column":21},"end":{"line":1024,"column":62}},"type":"binary-expr","locations":[{"start":{"line":1024,"column":21},"end":{"line":1024,"column":46}},{"start":{"line":1024,"column":50},"end":{"line":1024,"column":62}}]},"97":{"loc":{"start":{"line":1025,"column":15},"end":{"line":1025,"column":51}},"type":"binary-expr","locations":[{"start":{"line":1025,"column":15},"end":{"line":1025,"column":31}},{"start":{"line":1025,"column":35},"end":{"line":1025,"column":51}}]}},"s":{"0":2,"1":2,"2":2,"3":2,"4":2,"5":2,"6":2,"7":2,"8":2,"9":2,"10":2,"11":2,"12":2,"13":2,"14":66,"15":20,"16":20,"17":7,"18":13,"19":13,"20":11,"21":11,"22":2,"23":9,"24":9,"25":2,"26":1,"27":1,"28":7,"29":1,"30":6,"31":1,"32":5,"33":5,"34":1,"35":4,"36":1,"37":3,"38":3,"39":3,"40":1,"41":2,"42":1,"43":1,"44":1,"45":15,"46":4,"47":11,"48":10,"49":10,"50":10,"51":1,"52":9,"53":9,"54":1,"55":1,"56":1,"57":1,"58":0,"59":1,"60":8,"61":1,"62":7,"63":1,"64":6,"65":1,"66":5,"67":1,"68":4,"69":4,"70":4,"71":4,"72":4,"73":4,"74":4,"75":4,"76":4,"77":4,"78":4,"79":4,"80":4,"81":4,"82":4,"83":4,"84":4,"85":4,"86":1,"87":14,"88":5,"89":9,"90":9,"91":8,"92":8,"93":8,"94":0,"95":8,"96":8,"97":8,"98":1,"99":1,"100":0,"101":1,"102":7,"103":7,"104":6,"105":1,"106":1,"107":1,"108":1,"109":1,"110":1,"111":1,"112":1,"113":1,"114":1,"115":1,"116":1,"117":1,"118":5,"119":1,"120":4,"121":7,"122":5,"123":2,"124":10,"125":3,"126":7,"127":6,"128":6,"129":6,"130":1,"131":5,"132":1,"133":4,"134":4,"135":4,"136":0,"137":4,"138":1,"139":3,"140":1,"141":2,"142":2,"143":2,"144":1,"145":3,"146":3,"147":1,"148":2,"149":1,"150":1,"151":5,"152":5,"153":4,"154":4,"155":1,"156":3,"157":3,"158":3,"159":2,"160":2,"161":2,"162":2,"163":2,"164":3,"165":1,"166":6,"167":6,"168":5,"169":5,"170":5,"171":1,"172":4,"173":4,"174":2,"175":2,"176":2,"177":0,"178":2,"179":2,"180":2,"181":1,"182":9,"183":1,"184":8,"185":1,"186":7,"187":1,"188":6,"189":1,"190":5,"191":5,"192":1,"193":4,"194":1,"195":3,"196":6,"197":6,"198":6,"199":6,"200":6,"201":6,"202":6,"203":6,"204":6,"205":6,"206":6,"207":6,"208":6,"209":6,"210":6,"211":6,"212":6,"213":6,"214":6,"215":6,"216":6,"217":8,"218":6,"219":2,"220":2,"221":2,"222":2,"223":0,"224":8,"225":13,"226":9,"227":2,"228":0,"229":2,"230":0,"231":2,"232":44,"233":44,"234":30,"235":34,"236":34,"237":16,"238":20,"239":7,"240":13,"241":29,"242":19,"243":1,"244":18,"245":97,"246":19,"247":2,"248":17,"249":17,"250":37,"251":11,"252":57,"253":51,"254":51,"255":64,"256":64,"257":20,"258":20,"259":1,"260":19,"261":6,"262":13,"263":13,"264":13,"265":0,"266":0,"267":0,"268":20,"269":0,"270":20,"271":20,"272":20,"273":2,"274":2},"f":{"0":66,"1":20,"2":11,"3":1,"4":15,"5":10,"6":1,"7":14,"8":8,"9":1,"10":5,"11":7,"12":10,"13":6,"14":1,"15":3,"16":5,"17":4,"18":1,"19":6,"20":5,"21":1,"22":9,"23":6,"24":8,"25":8,"26":13,"27":9,"28":2,"29":44,"30":30,"31":34,"32":16,"33":20,"34":29,"35":19,"36":97,"37":19,"38":37,"39":11,"40":57,"41":51,"42":13,"43":20},"b":{"0":[7,13],"1":[2,9],"2":[2,7],"3":[1,1],"4":[1,6],"5":[1,5],"6":[1,4],"7":[1,3],"8":[1,2],"9":[1,2],"10":[1,1],"11":[4,11],"12":[15,14,13,12],"13":[1,9],"14":[10,10],"15":[1,8],"16":[9,1],"17":[1,0],"18":[0,1],"19":[1,7],"20":[1,6],"21":[1,5],"22":[6,5],"23":[1,4],"24":[5,9],"25":[14,13,12,11,10],"26":[0,8],"27":[8,8],"28":[1,7],"29":[0,1],"30":[6,1],"31":[1,4],"32":[5,4,4,4,4],"33":[5,2],"34":[7,6,5,4,3],"35":[3,7],"36":[10,9,8],"37":[1,5],"38":[6,6],"39":[1,4],"40":[5,4],"41":[0,4],"42":[1,3],"43":[4,2],"44":[1,2],"45":[1,2],"46":[1,1],"47":[2,2],"48":[3],"49":[5,3],"50":[1,3],"51":[1,1],"52":[2,1,1],"53":[1,4],"54":[5,5],"55":[2,2],"56":[0,2],"57":[1,8],"58":[1,7],"59":[1,6],"60":[7,6],"61":[1,5],"62":[6,5,5],"63":[1,4],"64":[5,5],"65":[1,3],"66":[4,2],"67":[6,2],"68":[8,2],"69":[0,2],"70":[2,0],"71":[2,2,2,2],"72":[6],"73":[2,6],"74":[6,1],"75":[13,0],"76":[5,8],"77":[9,8,2,2,2,2],"78":[0,2],"79":[0,2],"80":[2,2],"81":[44,3],"82":[7,13],"83":[20,19,18,17,16,15,14],"84":[29,29,27],"85":[1,18],"86":[1,1],"87":[18,17],"88":[97,88],"89":[2,17],"90":[17,17],"91":[1,19],"92":[6,13],"93":[0,0],"94":[0,20],"95":[20,20],"96":[20,2],"97":[20,2]}}
,"D:\\Repositories\\starci-academy-backend\\src\\modules\\ai\\control-plane\\execution-digest.ts": {"path":"D:\\Repositories\\starci-academy-backend\\src\\modules\\ai\\control-plane\\execution-digest.ts","statementMap":{"0":{"start":{"line":64,"column":0},"end":{"line":64,"column":16}},"1":{"start":{"line":79,"column":0},"end":{"line":79,"column":16}},"2":{"start":{"line":90,"column":0},"end":{"line":90,"column":16}},"3":{"start":{"line":96,"column":0},"end":{"line":96,"column":16}},"4":{"start":{"line":108,"column":0},"end":{"line":108,"column":16}},"5":{"start":{"line":114,"column":0},"end":{"line":114,"column":16}},"6":{"start":{"line":1,"column":0},"end":{"line":1,"column":null}},"7":{"start":{"line":9,"column":25},"end":{"line":9,"column":41}},"8":{"start":{"line":10,"column":23},"end":{"line":10,"column":96}},"9":{"start":{"line":13,"column":4},"end":{"line":24,"column":5}},"10":{"start":{"line":17,"column":8},"end":{"line":19,"column":9}},"11":{"start":{"line":18,"column":12},"end":{"line":18,"column":null}},"12":{"start":{"line":20,"column":8},"end":{"line":22,"column":9}},"13":{"start":{"line":21,"column":12},"end":{"line":21,"column":null}},"14":{"start":{"line":23,"column":8},"end":{"line":23,"column":null}},"15":{"start":{"line":28,"column":13},"end":{"line":34,"column":null}},"16":{"start":{"line":37,"column":4},"end":{"line":39,"column":5}},"17":{"start":{"line":38,"column":8},"end":{"line":38,"column":14}},"18":{"start":{"line":40,"column":4},"end":{"line":45,"column":5}},"19":{"start":{"line":41,"column":8},"end":{"line":43,"column":9}},"20":{"start":{"line":42,"column":12},"end":{"line":42,"column":null}},"21":{"start":{"line":44,"column":8},"end":{"line":44,"column":14}},"22":{"start":{"line":46,"column":4},"end":{"line":51,"column":5}},"23":{"start":{"line":47,"column":8},"end":{"line":49,"column":9}},"24":{"start":{"line":48,"column":12},"end":{"line":48,"column":null}},"25":{"start":{"line":50,"column":8},"end":{"line":50,"column":14}},"26":{"start":{"line":52,"column":4},"end":{"line":55,"column":5}},"27":{"start":{"line":53,"column":8},"end":{"line":53,"column":null}},"28":{"start":{"line":54,"column":8},"end":{"line":54,"column":14}},"29":{"start":{"line":56,"column":4},"end":{"line":59,"column":5}},"30":{"start":{"line":57,"column":8},"end":{"line":57,"column":null}},"31":{"start":{"line":58,"column":8},"end":{"line":58,"column":14}},"32":{"start":{"line":60,"column":4},"end":{"line":60,"column":null}},"33":{"start":{"line":65,"column":4},"end":{"line":65,"column":null}},"34":{"start":{"line":66,"column":4},"end":{"line":68,"column":5}},"35":{"start":{"line":67,"column":8},"end":{"line":67,"column":null}},"36":{"start":{"line":69,"column":4},"end":{"line":71,"column":5}},"37":{"start":{"line":70,"column":8},"end":{"line":70,"column":null}},"38":{"start":{"line":72,"column":20},"end":{"line":74,"column":88}},"39":{"start":{"line":73,"column":31},"end":{"line":73,"column":56}},"40":{"start":{"line":74,"column":22},"end":{"line":74,"column":87}},"41":{"start":{"line":75,"column":4},"end":{"line":75,"column":null}},"42":{"start":{"line":80,"column":4},"end":{"line":86,"column":null}},"43":{"start":{"line":91,"column":4},"end":{"line":92,"column":null}},"44":{"start":{"line":97,"column":21},"end":{"line":98,"column":20}},"45":{"start":{"line":99,"column":4},"end":{"line":104,"column":null}},"46":{"start":{"line":109,"column":4},"end":{"line":110,"column":null}},"47":{"start":{"line":115,"column":4},"end":{"line":115,"column":null}}},"fnMap":{"0":{"name":"assertJsonObject","decl":{"start":{"line":12,"column":9},"end":{"line":12,"column":25}},"loc":{"start":{"line":12,"column":59},"end":{"line":25,"column":1}}},"1":{"name":"assertJsonValue","decl":{"start":{"line":36,"column":9},"end":{"line":36,"column":24}},"loc":{"start":{"line":36,"column":39},"end":{"line":61,"column":1}}},"2":{"name":"canonicalizeExecutionJson","decl":{"start":{"line":64,"column":16},"end":{"line":64,"column":41}},"loc":{"start":{"line":64,"column":56},"end":{"line":76,"column":1}}},"3":{"name":"(anonymous_3)","decl":{"start":{"line":73,"column":14},"end":{"line":73,"column":15}},"loc":{"start":{"line":73,"column":31},"end":{"line":73,"column":56}}},"4":{"name":"(anonymous_4)","decl":{"start":{"line":74,"column":13},"end":{"line":74,"column":14}},"loc":{"start":{"line":74,"column":22},"end":{"line":74,"column":87}}},"5":{"name":"executionDigest","decl":{"start":{"line":79,"column":16},"end":{"line":79,"column":31}},"loc":{"start":{"line":79,"column":64},"end":{"line":87,"column":1}}},"6":{"name":"executionDigestHex","decl":{"start":{"line":90,"column":16},"end":{"line":90,"column":34}},"loc":{"start":{"line":90,"column":67},"end":{"line":93,"column":1}}},"7":{"name":"digestLeaseToken","decl":{"start":{"line":96,"column":16},"end":{"line":96,"column":32}},"loc":{"start":{"line":96,"column":46},"end":{"line":105,"column":1}}},"8":{"name":"executionDigestsEqual","decl":{"start":{"line":108,"column":16},"end":{"line":108,"column":37}},"loc":{"start":{"line":108,"column":65},"end":{"line":111,"column":1}}},"9":{"name":"canonicalExecutionDate","decl":{"start":{"line":114,"column":16},"end":{"line":114,"column":38}},"loc":{"start":{"line":114,"column":50},"end":{"line":116,"column":1}}}},"branchMap":{"0":{"loc":{"start":{"line":17,"column":8},"end":{"line":19,"column":9}},"type":"if","locations":[{"start":{"line":17,"column":8},"end":{"line":19,"column":9}},{"start":{},"end":{}}]},"1":{"loc":{"start":{"line":20,"column":8},"end":{"line":22,"column":9}},"type":"if","locations":[{"start":{"line":20,"column":8},"end":{"line":22,"column":9}},{"start":{},"end":{}}]},"2":{"loc":{"start":{"line":37,"column":4},"end":{"line":39,"column":5}},"type":"if","locations":[{"start":{"line":37,"column":4},"end":{"line":39,"column":5}},{"start":{},"end":{}}]},"3":{"loc":{"start":{"line":37,"column":8},"end":{"line":37,"column":52}},"type":"binary-expr","locations":[{"start":{"line":37,"column":8},"end":{"line":37,"column":22}},{"start":{"line":37,"column":26},"end":{"line":37,"column":52}}]},"4":{"loc":{"start":{"line":40,"column":4},"end":{"line":45,"column":5}},"type":"if","locations":[{"start":{"line":40,"column":4},"end":{"line":45,"column":5}},{"start":{},"end":{}}]},"5":{"loc":{"start":{"line":41,"column":8},"end":{"line":43,"column":9}},"type":"if","locations":[{"start":{"line":41,"column":8},"end":{"line":43,"column":9}},{"start":{},"end":{}}]},"6":{"loc":{"start":{"line":46,"column":4},"end":{"line":51,"column":5}},"type":"if","locations":[{"start":{"line":46,"column":4},"end":{"line":51,"column":5}},{"start":{},"end":{}}]},"7":{"loc":{"start":{"line":47,"column":8},"end":{"line":49,"column":9}},"type":"if","locations":[{"start":{"line":47,"column":8},"end":{"line":49,"column":9}},{"start":{},"end":{}}]},"8":{"loc":{"start":{"line":52,"column":4},"end":{"line":55,"column":5}},"type":"if","locations":[{"start":{"line":52,"column":4},"end":{"line":55,"column":5}},{"start":{},"end":{}}]},"9":{"loc":{"start":{"line":56,"column":4},"end":{"line":59,"column":5}},"type":"if","locations":[{"start":{"line":56,"column":4},"end":{"line":59,"column":5}},{"start":{},"end":{}}]},"10":{"loc":{"start":{"line":66,"column":4},"end":{"line":68,"column":5}},"type":"if","locations":[{"start":{"line":66,"column":4},"end":{"line":68,"column":5}},{"start":{},"end":{}}]},"11":{"loc":{"start":{"line":66,"column":8},"end":{"line":66,"column":51}},"type":"binary-expr","locations":[{"start":{"line":66,"column":8},"end":{"line":66,"column":22}},{"start":{"line":66,"column":26},"end":{"line":66,"column":51}}]},"12":{"loc":{"start":{"line":69,"column":4},"end":{"line":71,"column":5}},"type":"if","locations":[{"start":{"line":69,"column":4},"end":{"line":71,"column":5}},{"start":{},"end":{}}]},"13":{"loc":{"start":{"line":109,"column":11},"end":{"line":110,"column":14}},"type":"binary-expr","locations":[{"start":{"line":109,"column":11},"end":{"line":109,"column":39}},{"start":{"line":109,"column":43},"end":{"line":110,"column":14}}]}},"s":{"0":3,"1":3,"2":3,"3":3,"4":3,"5":3,"6":3,"7":3,"8":3,"9":62,"10":315,"11":1,"12":314,"13":1,"14":313,"15":3,"16":699,"17":52,"18":647,"19":487,"20":1,"21":486,"22":160,"23":89,"24":1,"25":88,"26":71,"27":8,"28":8,"29":63,"30":62,"31":60,"32":1,"33":370,"34":365,"35":305,"36":60,"37":4,"38":56,"39":382,"40":305,"41":56,"42":49,"43":20,"44":36,"45":36,"46":14,"47":16},"f":{"0":62,"1":699,"2":370,"3":382,"4":305,"5":49,"6":20,"7":36,"8":14,"9":16},"b":{"0":[1,314],"1":[1,313],"2":[52,647],"3":[699,659],"4":[487,160],"5":[1,486],"6":[89,71],"7":[1,88],"8":[8,63],"9":[62,1],"10":[305,60],"11":[365,347],"12":[4,56],"13":[14,13]}}
,"D:\\Repositories\\starci-academy-backend\\src\\modules\\ai\\control-plane\\types\\execution-errors.ts": {"path":"D:\\Repositories\\starci-academy-backend\\src\\modules\\ai\\control-plane\\types\\execution-errors.ts","statementMap":{"0":{"start":{"line":2,"column":0},"end":{"line":2,"column":null}},"1":{"start":{"line":4,"column":4},"end":{"line":4,"column":null}},"2":{"start":{"line":6,"column":4},"end":{"line":6,"column":null}},"3":{"start":{"line":8,"column":4},"end":{"line":8,"column":null}},"4":{"start":{"line":10,"column":4},"end":{"line":10,"column":null}},"5":{"start":{"line":12,"column":4},"end":{"line":12,"column":null}},"6":{"start":{"line":14,"column":4},"end":{"line":14,"column":null}},"7":{"start":{"line":16,"column":4},"end":{"line":16,"column":null}},"8":{"start":{"line":18,"column":4},"end":{"line":18,"column":null}},"9":{"start":{"line":20,"column":4},"end":{"line":20,"column":null}},"10":{"start":{"line":22,"column":4},"end":{"line":22,"column":null}},"11":{"start":{"line":24,"column":4},"end":{"line":24,"column":null}}},"fnMap":{"0":{"name":"(anonymous_0)","decl":{"start":{"line":2,"column":0},"end":{"line":2,"column":12}},"loc":{"start":{"line":2,"column":32},"end":{"line":25,"column":1}}}},"branchMap":{"0":{"loc":{"start":{"line":2,"column":12},"end":{"line":2,"column":null}},"type":"binary-expr","locations":[{"start":{"line":2,"column":12},"end":{"line":2,"column":32}},{"start":{"line":2,"column":32},"end":{"line":2,"column":null}}]}},"s":{"0":2,"1":2,"2":2,"3":2,"4":2,"5":2,"6":2,"7":2,"8":2,"9":2,"10":2,"11":2},"f":{"0":2},"b":{"0":[2,2]}}
,"D:\\Repositories\\starci-academy-backend\\src\\modules\\ai\\control-plane\\types\\execution-state.ts": {"path":"D:\\Repositories\\starci-academy-backend\\src\\modules\\ai\\control-plane\\types\\execution-state.ts","statementMap":{"0":{"start":{"line":2,"column":0},"end":{"line":2,"column":null}},"1":{"start":{"line":4,"column":4},"end":{"line":4,"column":null}},"2":{"start":{"line":6,"column":4},"end":{"line":6,"column":null}},"3":{"start":{"line":8,"column":4},"end":{"line":8,"column":null}},"4":{"start":{"line":10,"column":4},"end":{"line":10,"column":null}},"5":{"start":{"line":12,"column":4},"end":{"line":12,"column":null}},"6":{"start":{"line":16,"column":0},"end":{"line":16,"column":null}},"7":{"start":{"line":18,"column":4},"end":{"line":18,"column":null}},"8":{"start":{"line":20,"column":4},"end":{"line":20,"column":null}},"9":{"start":{"line":24,"column":0},"end":{"line":24,"column":null}},"10":{"start":{"line":26,"column":4},"end":{"line":26,"column":null}},"11":{"start":{"line":28,"column":4},"end":{"line":28,"column":null}},"12":{"start":{"line":30,"column":4},"end":{"line":30,"column":null}},"13":{"start":{"line":32,"column":4},"end":{"line":32,"column":null}},"14":{"start":{"line":36,"column":0},"end":{"line":36,"column":null}},"15":{"start":{"line":38,"column":4},"end":{"line":38,"column":null}}},"fnMap":{"0":{"name":"(anonymous_0)","decl":{"start":{"line":2,"column":0},"end":{"line":2,"column":12}},"loc":{"start":{"line":2,"column":28},"end":{"line":13,"column":1}}},"1":{"name":"(anonymous_1)","decl":{"start":{"line":16,"column":0},"end":{"line":16,"column":12}},"loc":{"start":{"line":16,"column":35},"end":{"line":21,"column":1}}},"2":{"name":"(anonymous_2)","decl":{"start":{"line":24,"column":0},"end":{"line":24,"column":12}},"loc":{"start":{"line":24,"column":35},"end":{"line":33,"column":1}}},"3":{"name":"(anonymous_3)","decl":{"start":{"line":36,"column":0},"end":{"line":36,"column":12}},"loc":{"start":{"line":36,"column":33},"end":{"line":39,"column":1}}}},"branchMap":{"0":{"loc":{"start":{"line":2,"column":12},"end":{"line":2,"column":null}},"type":"binary-expr","locations":[{"start":{"line":2,"column":12},"end":{"line":2,"column":28}},{"start":{"line":2,"column":28},"end":{"line":2,"column":null}}]},"1":{"loc":{"start":{"line":16,"column":12},"end":{"line":16,"column":null}},"type":"binary-expr","locations":[{"start":{"line":16,"column":12},"end":{"line":16,"column":35}},{"start":{"line":16,"column":35},"end":{"line":16,"column":null}}]},"2":{"loc":{"start":{"line":24,"column":12},"end":{"line":24,"column":null}},"type":"binary-expr","locations":[{"start":{"line":24,"column":12},"end":{"line":24,"column":35}},{"start":{"line":24,"column":35},"end":{"line":24,"column":null}}]},"3":{"loc":{"start":{"line":36,"column":12},"end":{"line":36,"column":null}},"type":"binary-expr","locations":[{"start":{"line":36,"column":12},"end":{"line":36,"column":33}},{"start":{"line":36,"column":33},"end":{"line":36,"column":null}}]}},"s":{"0":2,"1":2,"2":2,"3":2,"4":2,"5":2,"6":2,"7":2,"8":2,"9":2,"10":2,"11":2,"12":2,"13":2,"14":2,"15":2},"f":{"0":2,"1":2,"2":2,"3":2},"b":{"0":[2,2],"1":[2,2],"2":[2,2],"3":[2,2]}}
,"D:\\Repositories\\starci-academy-backend\\src\\modules\\databases\\postgresql\\primary\\primary.module.ts": {"path":"D:\\Repositories\\starci-academy-backend\\src\\modules\\databases\\postgresql\\primary\\primary.module.ts","statementMap":{"0":{"start":{"line":1,"column":0},"end":{"line":1,"column":null}},"1":{"start":{"line":4,"column":0},"end":{"line":4,"column":null}},"2":{"start":{"line":7,"column":0},"end":{"line":7,"column":null}},"3":{"start":{"line":11,"column":0},"end":{"line":11,"column":null}},"4":{"start":{"line":14,"column":0},"end":{"line":14,"column":null}},"5":{"start":{"line":17,"column":0},"end":{"line":17,"column":null}},"6":{"start":{"line":20,"column":0},"end":{"line":20,"column":null}},"7":{"start":{"line":23,"column":0},"end":{"line":23,"column":null}},"8":{"start":{"line":26,"column":0},"end":{"line":26,"column":null}},"9":{"start":{"line":29,"column":0},"end":{"line":29,"column":null}},"10":{"start":{"line":32,"column":0},"end":{"line":32,"column":null}},"11":{"start":{"line":35,"column":0},"end":{"line":35,"column":null}},"12":{"start":{"line":38,"column":0},"end":{"line":38,"column":null}},"13":{"start":{"line":41,"column":0},"end":{"line":41,"column":null}},"14":{"start":{"line":44,"column":0},"end":{"line":44,"column":null}},"15":{"start":{"line":47,"column":0},"end":{"line":47,"column":null}},"16":{"start":{"line":50,"column":0},"end":{"line":50,"column":null}},"17":{"start":{"line":53,"column":0},"end":{"line":53,"column":null}},"18":{"start":{"line":56,"column":0},"end":{"line":56,"column":null}},"19":{"start":{"line":59,"column":0},"end":{"line":59,"column":null}},"20":{"start":{"line":62,"column":0},"end":{"line":62,"column":null}},"21":{"start":{"line":65,"column":0},"end":{"line":65,"column":null}},"22":{"start":{"line":68,"column":0},"end":{"line":68,"column":null}},"23":{"start":{"line":71,"column":0},"end":{"line":71,"column":null}},"24":{"start":{"line":74,"column":0},"end":{"line":74,"column":null}},"25":{"start":{"line":77,"column":0},"end":{"line":77,"column":null}},"26":{"start":{"line":80,"column":0},"end":{"line":80,"column":null}},"27":{"start":{"line":83,"column":0},"end":{"line":83,"column":null}},"28":{"start":{"line":86,"column":0},"end":{"line":86,"column":null}},"29":{"start":{"line":89,"column":0},"end":{"line":89,"column":null}},"30":{"start":{"line":92,"column":0},"end":{"line":92,"column":null}},"31":{"start":{"line":95,"column":0},"end":{"line":95,"column":null}},"32":{"start":{"line":98,"column":0},"end":{"line":98,"column":null}},"33":{"start":{"line":101,"column":0},"end":{"line":101,"column":null}},"34":{"start":{"line":104,"column":0},"end":{"line":104,"column":null}},"35":{"start":{"line":107,"column":0},"end":{"line":107,"column":null}},"36":{"start":{"line":110,"column":0},"end":{"line":110,"column":null}},"37":{"start":{"line":113,"column":0},"end":{"line":113,"column":null}},"38":{"start":{"line":116,"column":0},"end":{"line":116,"column":null}},"39":{"start":{"line":119,"column":0},"end":{"line":119,"column":null}},"40":{"start":{"line":122,"column":0},"end":{"line":122,"column":null}},"41":{"start":{"line":125,"column":0},"end":{"line":125,"column":null}},"42":{"start":{"line":128,"column":0},"end":{"line":128,"column":null}},"43":{"start":{"line":131,"column":0},"end":{"line":131,"column":null}},"44":{"start":{"line":134,"column":0},"end":{"line":134,"column":null}},"45":{"start":{"line":137,"column":0},"end":{"line":137,"column":null}},"46":{"start":{"line":140,"column":0},"end":{"line":140,"column":null}},"47":{"start":{"line":143,"column":0},"end":{"line":143,"column":null}},"48":{"start":{"line":146,"column":0},"end":{"line":146,"column":null}},"49":{"start":{"line":149,"column":0},"end":{"line":149,"column":null}},"50":{"start":{"line":152,"column":0},"end":{"line":152,"column":null}},"51":{"start":{"line":155,"column":0},"end":{"line":155,"column":null}},"52":{"start":{"line":158,"column":0},"end":{"line":158,"column":null}},"53":{"start":{"line":161,"column":0},"end":{"line":161,"column":null}},"54":{"start":{"line":164,"column":0},"end":{"line":164,"column":null}},"55":{"start":{"line":167,"column":0},"end":{"line":167,"column":null}},"56":{"start":{"line":170,"column":0},"end":{"line":170,"column":null}},"57":{"start":{"line":173,"column":0},"end":{"line":173,"column":null}},"58":{"start":{"line":176,"column":0},"end":{"line":176,"column":null}},"59":{"start":{"line":179,"column":0},"end":{"line":179,"column":null}},"60":{"start":{"line":182,"column":0},"end":{"line":182,"column":null}},"61":{"start":{"line":185,"column":0},"end":{"line":185,"column":null}},"62":{"start":{"line":188,"column":0},"end":{"line":188,"column":null}},"63":{"start":{"line":191,"column":0},"end":{"line":191,"column":null}},"64":{"start":{"line":194,"column":0},"end":{"line":194,"column":null}},"65":{"start":{"line":197,"column":0},"end":{"line":197,"column":null}},"66":{"start":{"line":200,"column":0},"end":{"line":200,"column":null}},"67":{"start":{"line":203,"column":0},"end":{"line":203,"column":null}},"68":{"start":{"line":206,"column":0},"end":{"line":206,"column":null}},"69":{"start":{"line":209,"column":0},"end":{"line":209,"column":null}},"70":{"start":{"line":212,"column":0},"end":{"line":212,"column":null}},"71":{"start":{"line":215,"column":0},"end":{"line":215,"column":null}},"72":{"start":{"line":218,"column":0},"end":{"line":218,"column":null}},"73":{"start":{"line":221,"column":0},"end":{"line":221,"column":null}},"74":{"start":{"line":224,"column":0},"end":{"line":224,"column":null}},"75":{"start":{"line":227,"column":0},"end":{"line":227,"column":null}},"76":{"start":{"line":230,"column":0},"end":{"line":230,"column":null}},"77":{"start":{"line":233,"column":0},"end":{"line":233,"column":null}},"78":{"start":{"line":236,"column":0},"end":{"line":236,"column":null}},"79":{"start":{"line":239,"column":0},"end":{"line":239,"column":null}},"80":{"start":{"line":242,"column":0},"end":{"line":242,"column":null}},"81":{"start":{"line":245,"column":0},"end":{"line":245,"column":null}},"82":{"start":{"line":248,"column":0},"end":{"line":248,"column":null}},"83":{"start":{"line":251,"column":0},"end":{"line":251,"column":null}},"84":{"start":{"line":254,"column":0},"end":{"line":254,"column":null}},"85":{"start":{"line":257,"column":0},"end":{"line":257,"column":null}},"86":{"start":{"line":260,"column":0},"end":{"line":260,"column":null}},"87":{"start":{"line":263,"column":0},"end":{"line":263,"column":null}},"88":{"start":{"line":266,"column":0},"end":{"line":266,"column":null}},"89":{"start":{"line":269,"column":0},"end":{"line":269,"column":null}},"90":{"start":{"line":272,"column":0},"end":{"line":272,"column":null}},"91":{"start":{"line":275,"column":0},"end":{"line":275,"column":null}},"92":{"start":{"line":278,"column":0},"end":{"line":278,"column":null}},"93":{"start":{"line":281,"column":0},"end":{"line":281,"column":null}},"94":{"start":{"line":284,"column":0},"end":{"line":284,"column":null}},"95":{"start":{"line":287,"column":0},"end":{"line":287,"column":null}},"96":{"start":{"line":290,"column":0},"end":{"line":290,"column":null}},"97":{"start":{"line":293,"column":0},"end":{"line":293,"column":null}},"98":{"start":{"line":296,"column":0},"end":{"line":296,"column":null}},"99":{"start":{"line":299,"column":0},"end":{"line":299,"column":null}},"100":{"start":{"line":302,"column":0},"end":{"line":302,"column":null}},"101":{"start":{"line":305,"column":0},"end":{"line":305,"column":null}},"102":{"start":{"line":308,"column":0},"end":{"line":308,"column":null}},"103":{"start":{"line":311,"column":0},"end":{"line":311,"column":null}},"104":{"start":{"line":314,"column":0},"end":{"line":314,"column":null}},"105":{"start":{"line":317,"column":0},"end":{"line":317,"column":null}},"106":{"start":{"line":320,"column":0},"end":{"line":320,"column":null}},"107":{"start":{"line":323,"column":0},"end":{"line":323,"column":null}},"108":{"start":{"line":326,"column":0},"end":{"line":326,"column":null}},"109":{"start":{"line":329,"column":0},"end":{"line":329,"column":null}},"110":{"start":{"line":332,"column":0},"end":{"line":332,"column":null}},"111":{"start":{"line":335,"column":0},"end":{"line":335,"column":null}},"112":{"start":{"line":338,"column":0},"end":{"line":338,"column":null}},"113":{"start":{"line":341,"column":0},"end":{"line":341,"column":null}},"114":{"start":{"line":344,"column":0},"end":{"line":344,"column":null}},"115":{"start":{"line":347,"column":0},"end":{"line":347,"column":null}},"116":{"start":{"line":350,"column":0},"end":{"line":350,"column":null}},"117":{"start":{"line":353,"column":0},"end":{"line":353,"column":null}},"118":{"start":{"line":356,"column":0},"end":{"line":356,"column":null}},"119":{"start":{"line":359,"column":0},"end":{"line":359,"column":null}},"120":{"start":{"line":362,"column":0},"end":{"line":362,"column":null}},"121":{"start":{"line":365,"column":0},"end":{"line":365,"column":null}},"122":{"start":{"line":368,"column":0},"end":{"line":368,"column":null}},"123":{"start":{"line":371,"column":0},"end":{"line":371,"column":null}},"124":{"start":{"line":374,"column":0},"end":{"line":374,"column":null}},"125":{"start":{"line":377,"column":0},"end":{"line":377,"column":null}},"126":{"start":{"line":380,"column":0},"end":{"line":380,"column":null}},"127":{"start":{"line":383,"column":0},"end":{"line":383,"column":null}},"128":{"start":{"line":386,"column":0},"end":{"line":386,"column":null}},"129":{"start":{"line":389,"column":0},"end":{"line":389,"column":null}},"130":{"start":{"line":392,"column":0},"end":{"line":392,"column":null}},"131":{"start":{"line":395,"column":0},"end":{"line":395,"column":null}},"132":{"start":{"line":398,"column":0},"end":{"line":398,"column":null}},"133":{"start":{"line":401,"column":0},"end":{"line":401,"column":null}},"134":{"start":{"line":404,"column":0},"end":{"line":404,"column":null}},"135":{"start":{"line":407,"column":0},"end":{"line":407,"column":null}},"136":{"start":{"line":410,"column":0},"end":{"line":410,"column":null}},"137":{"start":{"line":413,"column":0},"end":{"line":413,"column":null}},"138":{"start":{"line":416,"column":0},"end":{"line":416,"column":null}},"139":{"start":{"line":419,"column":0},"end":{"line":419,"column":null}},"140":{"start":{"line":422,"column":0},"end":{"line":422,"column":null}},"141":{"start":{"line":425,"column":0},"end":{"line":425,"column":null}},"142":{"start":{"line":428,"column":0},"end":{"line":428,"column":null}},"143":{"start":{"line":431,"column":0},"end":{"line":431,"column":null}},"144":{"start":{"line":434,"column":0},"end":{"line":434,"column":null}},"145":{"start":{"line":437,"column":0},"end":{"line":437,"column":null}},"146":{"start":{"line":440,"column":0},"end":{"line":440,"column":null}},"147":{"start":{"line":443,"column":0},"end":{"line":443,"column":null}},"148":{"start":{"line":446,"column":0},"end":{"line":446,"column":null}},"149":{"start":{"line":449,"column":0},"end":{"line":449,"column":null}},"150":{"start":{"line":452,"column":0},"end":{"line":452,"column":null}},"151":{"start":{"line":455,"column":0},"end":{"line":455,"column":null}},"152":{"start":{"line":458,"column":0},"end":{"line":458,"column":null}},"153":{"start":{"line":461,"column":0},"end":{"line":461,"column":null}},"154":{"start":{"line":464,"column":0},"end":{"line":464,"column":null}},"155":{"start":{"line":467,"column":0},"end":{"line":467,"column":null}},"156":{"start":{"line":470,"column":0},"end":{"line":470,"column":null}},"157":{"start":{"line":473,"column":0},"end":{"line":473,"column":null}},"158":{"start":{"line":476,"column":0},"end":{"line":476,"column":null}},"159":{"start":{"line":479,"column":0
[...]
column":null}},"166":{"start":{"line":500,"column":0},"end":{"line":500,"column":null}},"167":{"start":{"line":503,"column":0},"end":{"line":503,"column":null}},"168":{"start":{"line":506,"column":0},"end":{"line":506,"column":null}},"169":{"start":{"line":509,"column":0},"end":{"line":509,"column":null}},"170":{"start":{"line":512,"column":0},"end":{"line":512,"column":null}},"171":{"start":{"line":515,"column":0},"end":{"line":515,"column":null}},"172":{"start":{"line":518,"column":0},"end":{"line":518,"column":null}},"173":{"start":{"line":521,"column":0},"end":{"line":521,"column":null}},"174":{"start":{"line":524,"column":0},"end":{"line":524,"column":null}},"175":{"start":{"line":527,"column":0},"end":{"line":527,"column":null}},"176":{"start":{"line":530,"column":0},"end":{"line":530,"column":null}},"177":{"start":{"line":533,"column":0},"end":{"line":533,"column":null}},"178":{"start":{"line":536,"column":0},"end":{"line":536,"column":null}},"179":{"start":{"line":539,"column":0},"end":{"line":539,"column":null}},"180":{"start":{"line":542,"column":0},"end":{"line":542,"column":null}},"181":{"start":{"line":545,"column":0},"end":{"line":545,"column":null}},"182":{"start":{"line":548,"column":0},"end":{"line":548,"column":null}},"183":{"start":{"line":551,"column":0},"end":{"line":551,"column":null}},"184":{"start":{"line":554,"column":0},"end":{"line":554,"column":null}},"185":{"start":{"line":557,"column":0},"end":{"line":557,"column":null}},"186":{"start":{"line":560,"column":0},"end":{"line":560,"column":null}},"187":{"start":{"line":563,"column":0},"end":{"line":563,"column":null}},"188":{"start":{"line":566,"column":0},"end":{"line":566,"column":null}},"189":{"start":{"line":569,"column":0},"end":{"line":569,"column":null}},"190":{"start":{"line":572,"column":0},"end":{"line":572,"column":null}},"191":{"start":{"line":575,"column":0},"end":{"line":575,"column":null}},"192":{"start":{"line":578,"column":0},"end":{"line":578,"column":null}},"193":{"start":{"line":581,"column":0},"end":{"line":581,"column":null}},"194":{"start":{"line":584,"column":0},"end":{"line":584,"column":null}},"195":{"start":{"line":587,"column":0},"end":{"line":587,"column":null}},"196":{"start":{"line":590,"column":0},"end":{"line":590,"column":null}},"197":{"start":{"line":593,"column":0},"end":{"line":593,"column":null}},"198":{"start":{"line":596,"column":0},"end":{"line":596,"column":null}},"199":{"start":{"line":599,"column":0},"end":{"line":599,"column":null}},"200":{"start":{"line":602,"column":0},"end":{"line":602,"column":null}},"201":{"start":{"line":605,"column":0},"end":{"line":605,"column":null}},"202":{"start":{"line":608,"column":0},"end":{"line":608,"column":null}},"203":{"start":{"line":611,"column":0},"end":{"line":611,"column":null}},"204":{"start":{"line":614,"column":0},"end":{"line":614,"column":null}},"205":{"start":{"line":617,"column":0},"end":{"line":617,"column":null}},"206":{"start":{"line":620,"column":0},"end":{"line":620,"column":null}},"207":{"start":{"line":623,"column":0},"end":{"line":623,"column":null}},"208":{"start":{"line":633,"column":25},"end":{"line":832,"column":null}},"209":{"start":{"line":845,"column":4},"end":{"line":854,"column":2}},"210":{"start":{"line":857,"column":33},"end":{"line":858,"column":null}},"211":{"start":{"line":858,"column":16},"end":{"line":858,"column":64}},"212":{"start":{"line":866,"column":36},"end":{"line":945,"column":null}},"213":{"start":{"line":874,"column":30},"end":{"line":874,"column":53}},"214":{"start":{"line":875,"column":51},"end":{"line":875,"column":53}},"215":{"start":{"line":876,"column":8},"end":{"line":882,"column":9}},"216":{"start":{"line":877,"column":12},"end":{"line":881,"column":null}},"217":{"start":{"line":883,"column":8},"end":{"line":889,"column":9}},"218":{"start":{"line":884,"column":12},"end":{"line":888,"column":null}},"219":{"start":{"line":890,"column":8},"end":{"line":926,"column":null}},"220":{"start":{"line":897,"column":14},"end":{"line":897,"column":54}},"221":{"start":{"line":898,"column":24},"end":{"line":913,"column":null}},"222":{"start":{"line":910,"column":36},"end":{"line":910,"column":null}},"223":{"start":{"line":935,"column":8},"end":{"line":943,"column":null}},"224":{"start":{"line":866,"column":13},"end":{"line":866,"column":36}},"225":{"start":{"line":866,"column":13},"end":{"line":945,"column":null}}},"fnMap":{"0":{"name":"(anonymous_1)","decl":{"start":{"line":858,"column":4},"end":{"line":858,"column":5}},"loc":{"start":{"line":858,"column":16},"end":{"line":858,"column":64}}},"1":{"name":"(anonymous_2)","decl":{"start":{"line":872,"column":11},"end":{"line":872,"column":17}},"loc":{"start":{"line":873,"column":5},"end":{"line":927,"column":5}}},"2":{"name":"(anonymous_3)","decl":{"start":{"line":895,"column":32},"end":{"line":895,"column":37}},"loc":{"start":{"line":895,"column":43},"end":{"line":914,"column":21}}},"3":{"name":"(anonymous_4)","decl":{"start":{"line":909,"column":32},"end":{"line":909,"column":40}},"loc":{"start":{"line":909,"column":51},"end":{"line":911,"column":33}}},"4":{"name":"(anonymous_5)","decl":{"start":{"line":934,"column":12},"end":{"line":934,"column":18}},"loc":{"start":{"line":934,"column":29},"end":{"line":944,"column":5}}}},"branchMap":{"0":{"loc":{"start":{"line":872,"column":27},"end":{"line":872,"column":null}},"type":"default-arg","locations":[{"start":{"line":872,"column":58},"end":{"line":872,"column":null}}]},"1":{"loc":{"start":{"line":876,"column":8},"end":{"line":882,"column":9}},"type":"if","locations":[{"start":{"line":876,"column":8},"end":{"line":882,"column":9}},{"start":{},"end":{}}]},"2":{"loc":{"start":{"line":883,"column":8},"end":{"line":889,"column":9}},"type":"if","locations":[{"start":{"line":883,"column":8},"end":{"line":889,"column":9}},{"start":{},"end":{}}]}},"s":{"0":1,"1":1,"2":1,"3":1,"4":1,"5":1,"6":1,"7":1,"8":1,"9":1,"10":1,"11":1,"12":1,"13":1,"14":1,"15":1,"16":1,"17":1,"18":1,"19":1,"20":1,"21":1,"22":1,"23":1,"24":1,"25":1,"26":1,"27":1,"28":1,"29":1,"30":1,"31":1,"32":1,"33":1,"34":1,"35":1,"36":1,"37":1,"38":1,"39":1,"40":1,"41":1,"42":1,"43":1,"44":1,"45":1,"46":1,"47":1,"48":1,"49":1,"50":1,"51":1,"52":1,"53":1,"54":1,"55":1,"56":1,"57":1,"58":1,"59":1,"60":1,"61":1,"62":1,"63":1,"64":1,"65":1,"66":1,"67":1,"68":1,"69":1,"70":1,"71":1,"72":1,"73":1,"74":1,"75":1,"76":1,"77":1,"78":1,"79":1,"80":1,"81":1,"82":1,"83":1,"84":1,"85":1,"86":1,"87":1,"88":1,"89":1,"90":1,"91":1,"92":1,"93":1,"94":1,"95":1,"96":1,"97":1,"98":1,"99":1,"100":1,"101":1,"102":1,"103":1,"104":1,"105":1,"106":1,"107":1,"108":1,"109":1,"110":1,"111":1,"112":1,"113":1,"114":1,"115":1,"116":1,"117":1,"118":1,"119":1,"120":1,"121":1,"122":1,"123":1,"124":1,"125":1,"126":1,"127":1,"128":1,"129":1,"130":1,"131":1,"132":1,"133":1,"134":1,"135":1,"136":1,"137":1,"138":1,"139":1,"140":1,"141":1,"142":1,"143":1,"144":1,"145":1,"146":1,"147":1,"148":1,"149":1,"150":1,"151":1,"152":1,"153":1,"154":1,"155":1,"156":1,"157":1,"158":1,"159":1,"160":1,"161":1,"162":1,"163":1,"164":1,"165":1,"166":1,"167":1,"168":1,"169":1,"170":1,"171":1,"172":1,"173":1,"174":1,"175":1,"176":1,"177":1,"178":1,"179":1,"180":1,"181":1,"182":1,"183":1,"184":1,"185":1,"186":1,"187":1,"188":1,"189":1,"190":1,"191":1,"192":1,"193":1,"194":1,"195":1,"196":1,"197":1,"198":1,"199":1,"200":1,"201":1,"202":1,"203":1,"204":1,"205":1,"206":1,"207":1,"208":1,"209":1,"210":1,"211":198,"212":1,"213":0,"214":0,"215":0,"216":0,"217":0,"218":0,"219":0,"220":0,"221":0,"222":0,"223":0,"224":1,"225":1},"f":{"0":198,"1":0,"2":0,"3":0,"4":0},"b":{"0":[0],"1":[0,0],"2":[0,0]}}
,"D:\\Repositories\\starci-academy-backend\\src\\modules\\databases\\postgresql\\primary\\entities\\ai-execution.entity.ts": {"path":"D:\\Repositories\\starci-academy-backend\\src\\modules\\databases\\postgresql\\primary\\entities\\ai-execution.entity.ts","statementMap":{"0":{"start":{"line":1,"column":0},"end":{"line":1,"column":null}},"1":{"start":{"line":35,"column":7},"end":{"line":240,"column":null}},"2":{"start":{"line":35,"column":13},"end":{"line":35,"column":30}},"3":{"start":{"line":37,"column":8},"end":{"line":37,"column":null}},"4":{"start":{"line":44,"column":8},"end":{"line":44,"column":null}},"5":{"start":{"line":51,"column":8},"end":{"line":51,"column":null}},"6":{"start":{"line":57,"column":8},"end":{"line":57,"column":null}},"7":{"start":{"line":64,"column":8},"end":{"line":64,"column":null}},"8":{"start":{"line":71,"column":8},"end":{"line":71,"column":null}},"9":{"start":{"line":78,"column":8},"end":{"line":78,"column":null}},"10":{"start":{"line":84,"column":8},"end":{"line":84,"column":null}},"11":{"start":{"line":90,"column":8},"end":{"line":90,"column":null}},"12":{"start":{"line":96,"column":8},"end":{"line":96,"column":null}},"13":{"start":{"line":102,"column":8},"end":{"line":102,"column":null}},"14":{"start":{"line":110,"column":8},"end":{"line":110,"column":null}},"15":{"start":{"line":117,"column":8},"end":{"line":117,"column":null}},"16":{"start":{"line":124,"column":8},"end":{"line":124,"column":null}},"17":{"start":{"line":132,"column":8},"end":{"line":132,"column":null}},"18":{"start":{"line":139,"column":8},"end":{"line":139,"column":null}},"19":{"start":{"line":146,"column":8},"end":{"line":146,"column":null}},"20":{"start":{"line":153,"column":8},"end":{"line":153,"column":null}},"21":{"start":{"line":159,"column":8},"end":{"line":159,"column":null}},"22":{"start":{"line":167,"column":8},"end":{"line":167,"column":null}},"23":{"start":{"line":175,"column":8},"end":{"line":175,"column":null}},"24":{"start":{"line":183,"column":8},"end":{"line":183,"column":null}},"25":{"start":{"line":191,"column":8},"end":{"line":191,"column":null}},"26":{"start":{"line":198,"column":8},"end":{"line":198,"column":null}},"27":{"start":{"line":205,"column":8},"end":{"line":205,"column":null}},"28":{"start":{"line":211,"column":8},"end":{"line":211,"column":null}},"29":{"start":{"line":218,"column":8},"end":{"line":218,"column":null}},"30":{"start":{"line":225,"column":8},"end":{"line":225,"column":null}},"31":{"start":{"line":232,"column":8},"end":{"line":232,"column":null}},"32":{"start":{"line":230,"column":23},"end":{"line":230,"column":42}},"33":{"start":{"line":239,"column":8},"end":{"line":239,"column":null}},"34":{"start":{"line":237,"column":23},"end":{"line":237,"column":42}},"35":{"start":{"line":35,"column":13},"end":{"line":240,"column":null}}},"fnMap":{"0":{"name":"(anonymous_2)","decl":{"start":{"line":230,"column":17},"end":{"line":230,"column":20}},"loc":{"start":{"line":230,"column":23},"end":{"line":230,"column":42}}},"1":{"name":"(anonymous_3)","decl":{"start":{"line":237,"column":17},"end":{"line":237,"column":20}},"loc":{"start":{"line":237,"column":23},"end":{"line":237,"column":42}}}},"branchMap":{"0":{"loc":{"start":{"line":159,"column":20},"end":{"line":159,"column":null}},"type":"cond-expr","locations":[{"start":{"line":159,"column":24},"end":{"line":159,"column":null}},{"start":{"line":159,"column":24},"end":{"line":159,"column":null}}]},"1":{"loc":{"start":{"line":159,"column":20},"end":{"line":159,"column":24}},"type":"binary-expr","locations":[{"start":{"line":159,"column":20},"end":{"line":159,"column":null}},{"start":{"line":159,"column":20},"end":{"line":159,"column":24}}]},"2":{"loc":{"start":{"line":211,"column":20},"end":{"line":211,"column":null}},"type":"cond-expr","locations":[{"start":{"line":211,"column":24},"end":{"line":211,"column":null}},{"start":{"line":211,"column":24},"end":{"line":211,"column":null}}]},"3":{"loc":{"start":{"line":211,"column":20},"end":{"line":211,"column":24}},"type":"binary-expr","locations":[{"start":{"line":211,"column":20},"end":{"line":211,"column":null}},{"start":{"line":211,"column":20},"end":{"line":211,"column":24}}]},"4":{"loc":{"start":{"line":232,"column":19},"end":{"line":232,"column":null}},"type":"cond-expr","locations":[{"start":{"line":232,"column":23},"end":{"line":232,"column":null}},{"start":{"line":232,"column":23},"end":{"line":232,"column":null}}]},"5":{"loc":{"start":{"line":232,"column":19},"end":{"line":232,"column":23}},"type":"binary-expr","locations":[{"start":{"line":232,"column":19},"end":{"line":232,"column":null}},{"start":{"line":232,"column":19},"end":{"line":232,"column":23}}]},"6":{"loc":{"start":{"line":239,"column":19},"end":{"line":239,"column":null}},"type":"cond-expr","locations":[{"start":{"line":239,"column":23},"end":{"line":239,"column":null}},{"start":{"line":239,"column":23},"end":{"line":239,"column":null}}]},"7":{"loc":{"start":{"line":239,"column":19},"end":{"line":239,"column":23}},"type":"binary-expr","locations":[{"start":{"line":239,"column":19},"end":{"line":239,"column":null}},{"start":{"line":239,"column":19},"end":{"line":239,"column":23}}]}},"s":{"0":4,"1":4,"2":4,"3":4,"4":4,"5":4,"6":4,"7":4,"8":4,"9":4,"10":4,"11":4,"12":4,"13":4,"14":4,"15":4,"16":4,"17":4,"18":4,"19":4,"20":4,"21":4,"22":4,"23":4,"24":4,"25":4,"26":4,"27":4,"28":4,"29":4,"30":4,"31":4,"32":1,"33":4,"34":1,"35":4},"f":{"0":1,"1":1},"b":{"0":[4,0],"1":[4,4],"2":[4,0],"3":[4,4],"4":[4,0],"5":[4,4],"6":[4,0],"7":[4,4]}}
,"D:\\Repositories\\starci-academy-backend\\src\\modules\\databases\\postgresql\\primary\\entities\\ai-runtime-control.entity.ts": {"path":"D:\\Repositories\\starci-academy-backend\\src\\modules\\databases\\postgresql\\primary\\entities\\ai-runtime-control.entity.ts","statementMap":{"0":{"start":{"line":1,"column":0},"end":{"line":1,"column":null}},"1":{"start":{"line":12,"column":7},"end":{"line":47,"column":null}},"2":{"start":{"line":12,"column":13},"end":{"line":12,"column":35}},"3":{"start":{"line":14,"column":8},"end":{"line":14,"column":null}},"4":{"start":{"line":20,"column":8},"end":{"line":20,"column":null}},"5":{"start":{"line":26,"column":8},"end":{"line":26,"column":null}},"6":{"start":{"line":32,"column":8},"end":{"line":32,"column":null}},"7":{"start":{"line":39,"column":8},"end":{"line":39,"column":null}},"8":{"start":{"line":37,"column":23},"end":{"line":37,"column":42}},"9":{"start":{"line":46,"column":8},"end":{"line":46,"column":null}},"10":{"start":{"line":44,"column":23},"end":{"line":44,"column":42}},"11":{"start":{"line":12,"column":13},"end":{"line":47,"column":null}}},"fnMap":{"0":{"name":"(anonymous_2)","decl":{"start":{"line":37,"column":17},"end":{"line":37,"column":20}},"loc":{"start":{"line":37,"column":23},"end":{"line":37,"column":42}}},"1":{"name":"(anonymous_3)","decl":{"start":{"line":44,"column":17},"end":{"line":44,"column":20}},"loc":{"start":{"line":44,"column":23},"end":{"line":44,"column":42}}}},"branchMap":{"0":{"loc":{"start":{"line":39,"column":19},"end":{"line":39,"column":null}},"type":"cond-expr","locations":[{"start":{"line":39,"column":23},"end":{"line":39,"column":null}},{"start":{"line":39,"column":23},"end":{"line":39,"column":null}}]},"1":{"loc":{"start":{"line":39,"column":19},"end":{"line":39,"column":23}},"type":"binary-expr","locations":[{"start":{"line":39,"column":19},"end":{"line":39,"column":null}},{"start":{"line":39,"column":19},"end":{"line":39,"column":23}}]},"2":{"loc":{"start":{"line":46,"column":19},"end":{"line":46,"column":null}},"type":"cond-expr","locations":[{"start":{"line":46,"column":23},"end":{"line":46,"column":null}},{"start":{"line":46,"column":23},"end":{"line":46,"column":null}}]},"3":{"loc":{"start":{"line":46,"column":19},"end":{"line":46,"column":23}},"type":"binary-expr","locations":[{"start":{"line":46,"column":19},"end":{"line":46,"column":null}},{"start":{"line":46,"column":19},"end":{"line":46,"column":23}}]}},"s":{"0":2,"1":2,"2":2,"3":2,"4":2,"5":2,"6":2,"7":2,"8":1,"9":2,"10":1,"11":2},"f":{"0":1,"1":1},"b":{"0":[2,0],"1":[2,2],"2":[2,0],"3":[2,2]}}
,"D:\\Repositories\\starci-academy-backend\\src\\modules\\databases\\postgresql\\primary\\entities\\ai-runtime-incarnation.entity.ts": {"path":"D:\\Repositories\\starci-academy-backend\\src\\modules\\databases\\postgresql\\primary\\entities\\ai-runtime-incarnation.entity.ts","statementMap":{"0":{"start":{"line":1,"column":0},"end":{"line":1,"column":null}},"1":{"start":{"line":12,"column":7},"end":{"line":62,"column":null}},"2":{"start":{"line":12,"column":13},"end":{"line":12,"column":39}},"3":{"start":{"line":14,"column":8},"end":{"line":14,"column":null}},"4":{"start":{"line":20,"column":8},"end":{"line":20,"column":null}},"5":{"start":{"line":26,"column":8},"end":{"line":26,"column":null}},"6":{"start":{"line":33,"column":8},"end":{"line":33,"column":null}},"7":{"start":{"line":40,"column":8},"end":{"line":40,"column":null}},"8":{"start":{"line":47,"column":8},"end":{"line":47,"column":null}},"9":{"start":{"line":45,"column":23},"end":{"line":45,"column":42}},"10":{"start":{"line":54,"column":8},"end":{"line":54,"column":null}},"11":{"start":{"line":61,"column":8},"end":{"line":61,"column":null}},"12":{"start":{"line":12,"column":13},"end":{"line":62,"column":null}}},"fnMap":{"0":{"name":"(anonymous_2)","decl":{"start":{"line":45,"column":17},"end":{"line":45,"column":20}},"loc":{"start":{"line":45,"column":23},"end":{"line":45,"column":42}}}},"branchMap":{"0":{"loc":{"start":{"line":47,"column":19},"end":{"line":47,"column":null}},"type":"cond-expr","locations":[{"start":{"line":47,"column":23},"end":{"line":47,"column":null}},{"start":{"line":47,"column":23},"end":{"line":47,"column":null}}]},"1":{"loc":{"start":{"line":47,"column":19},"end":{"line":47,"column":23}},"type":"binary-expr","locations":[{"start":{"line":47,"column":19},"end":{"line":47,"column":null}},{"start":{"line":47,"column":19},"end":{"line":47,"column":23}}]}},"s":{"0":2,"1":2,"2":2,"3":2,"4":2,"5":2,"6":2,"7":2,"8":2,"9":1,"10":2,"11":2,"12":2},"f":{"0":1},"b":{"0":[2,0],"1":[2,2]}}
,"D:\\Repositories\\starci-academy-backend\\src\\modules\\databases\\postgresql\\primary\\migrations\\1787900000000-CreateAiExecutionControlFoundation.ts": {"path":"D:\\Repositories\\starci-academy-backend\\src\\modules\\databases\\postgresql\\primary\\migrations\\1787900000000-CreateAiExecutionControlFoundation.ts","statementMap":{"0":{"start":{"line":6,"column":33},"end":{"line":6,"column":71}},"1":{"start":{"line":7,"column":30},"end":{"line":7,"column":72}},"2":{"start":{"line":11,"column":11},"end":{"line":11,"column":60}},"3":{"start":{"line":14,"column":8},"end":{"line":46,"column":null}},"4":{"start":{"line":47,"column":8},"end":{"line":67,"column":null}},"5":{"start":{"line":68,"column":8},"end":{"line":71,"column":null}},"6":{"start":{"line":72,"column":8},"end":{"line":87,"column":null}},"7":{"start":{"line":88,"column":8},"end":{"line":186,"column":null}},"8":{"start":{"line":187,"column":8},"end":{"line":187,"column":null}},"9":{"start":{"line":188,"column":8},"end":{"line":188,"column":null}},"10":{"start":{"line":189,"column":8},"end":{"line":189,"column":null}},"11":{"start":{"line":191,"column":8},"end":{"line":197,"column":null}},"12":{"start":{"line":198,"column":8},"end":{"line":201,"column":null}},"13":{"start":{"line":202,"column":8},"end":{"line":202,"column":null}},"14":{"start":{"line":203,"column":8},"end":{"line":222,"column":null}},"15":{"start":{"line":226,"column":8},"end":{"line":226,"column":null}},"16":{"start":{"line":227,"column":8},"end":{"line":227,"column":null}},"17":{"start":{"line":228,"column":8},"end":{"line":228,"column":null}},"18":{"start":{"line":229,"column":8},"end":{"line":229,"column":null}},"19":{"start":{"line":10,"column":0},"end":{"line":10,"column":13}}},"fnMap":{"0":{"name":"(anonymous_0)","decl":{"start":{"line":13,"column":4},"end":{"line":13,"column":9}},"loc":{"start":{"line":13,"column":37},"end":{"line":223,"column":5}}},"1":{"name":"(anonymous_1)","decl":{"start":{"line":225,"column":4},"end":{"line":225,"column":9}},"loc":{"start":{"line":225,"column":39},"end":{"line":230,"column":5}}}},"branchMap":{},"s":{"0":1,"1":1,"2":2,"3":1,"4":1,"5":1,"6":1,"7":1,"8":1,"9":1,"10":1,"11":1,"12":1,"13":1,"14":1,"15":1,"16":1,"17":1,"18":1,"19":1},"f":{"0":1,"1":1},"b":{}}
}
